2018-12-20 22:21:40.709  INFO 25136 --- [main] c.p.s.SpringBoot01HelloworldApplication  : Starting SpringBoot01HelloworldApplication on DESKTOP-OI02010 with PID 25136 (F:\projects\spring-boot-01-helloworld\target\classes started by 胖达 in F:\projects\spring-boot-01-helloworld)
2018-12-20 22:21:40.719  INFO 25136 --- [main] c.p.s.SpringBoot01HelloworldApplication  : No active profile set, falling back to default profiles: default
2018-12-20 22:21:43.443  INFO 25136 --- [main] .s.d.r.c.RepositoryConfigurationDelegate : Multiple Spring Data modules found, entering strict repository configuration mode!
2018-12-20 22:21:43.448  INFO 25136 --- [main] .s.d.r.c.RepositoryConfigurationDelegate : Bootstrapping Spring Data repositories in DEFAULT mode.
2018-12-20 22:21:43.505  INFO 25136 --- [main] .s.d.r.c.RepositoryConfigurationDelegate : Finished Spring Data repository scanning in 27ms. Found 0 repository interfaces.
2018-12-20 22:21:44.014  INFO 25136 --- [main] trationDelegate$BeanPostProcessorChecker : Bean 'org.springframework.transaction.annotation.ProxyTransactionManagementConfiguration' of type [org.springframework.transaction.annotation.ProxyTransactionManagementConfiguration$$EnhancerBySpringCGLIB$$26969b58] is not eligible for getting processed by all BeanPostProcessors (for example: not eligible for auto-proxying)
2018-12-20 22:21:44.501  INFO 25136 --- [main] o.s.b.w.embedded.tomcat.TomcatWebServer  : Tomcat initialized with port(s): 8082 (http)
2018-12-20 22:21:44.565  INFO 25136 --- [main] o.apache.catalina.core.StandardService   : Starting service [Tomcat]
2018-12-20 22:21:44.565  INFO 25136 --- [main] org.apache.catalina.core.StandardEngine  : Starting Servlet Engine: Apache Tomcat/9.0.13
2018-12-20 22:21:44.585  INFO 25136 --- [main] o.a.catalina.core.AprLifecycleListener   : An older version [1.2.17] of the APR based Apache Tomcat Native library is installed, while Tomcat recommends a minimum version of [1.2.18]
2018-12-20 22:21:44.586  INFO 25136 --- [main] o.a.catalina.core.AprLifecycleListener   : Loaded APR based Apache Tomcat Native library [1.2.17] using APR version [1.6.3].
2018-12-20 22:21:44.586  INFO 25136 --- [main] o.a.catalina.core.AprLifecycleListener   : APR capabilities: IPv6 [true], sendfile [true], accept filters [false], random [true].
2018-12-20 22:21:44.587  INFO 25136 --- [main] o.a.catalina.core.AprLifecycleListener   : APR/OpenSSL configuration: useAprConnector [false], useOpenSSL [true]
2018-12-20 22:21:45.699  INFO 25136 --- [main] o.a.catalina.core.AprLifecycleListener   : OpenSSL successfully initialized [OpenSSL 1.0.2o  27 Mar 2018]
2018-12-20 22:21:45.849  INFO 25136 --- [main] o.a.c.c.C.[Tomcat].[localhost].[/api]    : Initializing Spring embedded WebApplicationContext
2018-12-20 22:21:45.850  INFO 25136 --- [main] o.s.web.context.ContextLoader            : Root WebApplicationContext: initialization completed in 4994 ms
2018-12-20 22:21:46.817  INFO 25136 --- [main] o.s.s.concurrent.ThreadPoolTaskExecutor  : Initializing ExecutorService 'applicationTaskExecutor'
2018-12-20 22:21:47.724  INFO 25136 --- [main] o.s.b.w.embedded.tomcat.TomcatWebServer  : Tomcat started on port(s): 8082 (http) with context path '/api'
2018-12-20 22:21:47.727  INFO 25136 --- [main] c.p.s.SpringBoot01HelloworldApplication  : Started SpringBoot01HelloworldApplication in 8.068 seconds (JVM running for 9.954)
2018-12-20 22:22:11.444  INFO 19480 --- [main] c.p.s.SpringBoot01HelloworldApplication  : Starting SpringBoot01HelloworldApplication on DESKTOP-OI02010 with PID 19480 (F:\projects\spring-boot-01-helloworld\target\classes started by 胖达 in F:\projects\spring-boot-01-helloworld)
2018-12-20 22:22:11.451  INFO 19480 --- [main] c.p.s.SpringBoot01HelloworldApplication  : No active profile set, falling back to default profiles: default
2018-12-20 22:22:13.280  INFO 19480 --- [main] .s.d.r.c.RepositoryConfigurationDelegate : Multiple Spring Data modules found, entering strict repository configuration mode!
2018-12-20 22:22:13.283  INFO 19480 --- [main] .s.d.r.c.RepositoryConfigurationDelegate : Bootstrapping Spring Data repositories in DEFAULT mode.
2018-12-20 22:22:13.323  INFO 19480 --- [main] .s.d.r.c.RepositoryConfigurationDelegate : Finished Spring Data repository scanning in 18ms. Found 0 repository interfaces.
2018-12-20 22:22:14.014  INFO 19480 --- [main] trationDelegate$BeanPostProcessorChecker : Bean 'org.springframework.transaction.annotation.ProxyTransactionManagementConfiguration' of type [org.springframework.transaction.annotation.ProxyTransactionManagementConfiguration$$EnhancerBySpringCGLIB$$92096e80] is not eligible for getting processed by all BeanPostProcessors (for example: not eligible for auto-proxying)
2018-12-20 22:22:14.452  INFO 19480 --- [main] o.s.b.w.embedded.tomcat.TomcatWebServer  : Tomcat initialized with port(s): 8082 (http)
2018-12-20 22:22:14.484  INFO 19480 --- [main] o.apache.catalina.core.StandardService   : Starting service [Tomcat]
2018-12-20 22:22:14.485  INFO 19480 --- [main] org.apache.catalina.core.StandardEngine  : Starting Servlet Engine: Apache Tomcat/9.0.13
2018-12-20 22:22:14.495  INFO 19480 --- [main] o.a.catalina.core.AprLifecycleListener   : An older version [1.2.17] of the APR based Apache Tomcat Native library is installed, while Tomcat recommends a minimum version of [1.2.18]
2018-12-20 22:22:14.495  INFO 19480 --- [main] o.a.catalina.core.AprLifecycleListener   : Loaded APR based Apache Tomcat Native library [1.2.17] using APR version [1.6.3].
2018-12-20 22:22:14.496  INFO 19480 --- [main] o.a.catalina.core.AprLifecycleListener   : APR capabilities: IPv6 [true], sendfile [true], accept filters [false], random [true].
2018-12-20 22:22:14.496  INFO 19480 --- [main] o.a.catalina.core.AprLifecycleListener   : APR/OpenSSL configuration: useAprConnector [false], useOpenSSL [true]
2018-12-20 22:22:15.601  INFO 19480 --- [main] o.a.catalina.core.AprLifecycleListener   : OpenSSL successfully initialized [OpenSSL 1.0.2o  27 Mar 2018]
2018-12-20 22:22:15.761  INFO 19480 --- [main] o.a.c.c.C.[Tomcat].[localhost].[/api]    : Initializing Spring embedded WebApplicationContext
2018-12-20 22:22:15.761  INFO 19480 --- [main] o.s.web.context.ContextLoader            : Root WebApplicationContext: initialization completed in 4195 ms
2018-12-20 22:22:16.686  INFO 19480 --- [main] o.s.s.concurrent.ThreadPoolTaskExecutor  : Initializing ExecutorService 'applicationTaskExecutor'
2018-12-20 22:22:17.633  INFO 19480 --- [main] o.s.b.w.embedded.tomcat.TomcatWebServer  : Tomcat started on port(s): 8082 (http) with context path '/api'
2018-12-20 22:22:17.642  INFO 19480 --- [main] c.p.s.SpringBoot01HelloworldApplication  : Started SpringBoot01HelloworldApplication in 7.308 seconds (JVM running for 8.881)
2018-12-20 22:22:36.173  INFO 21380 --- [main] c.p.s.SpringBoot01HelloworldApplication  : Starting SpringBoot01HelloworldApplication on DESKTOP-OI02010 with PID 21380 (F:\projects\spring-boot-01-helloworld\target\classes started by 胖达 in F:\projects\spring-boot-01-helloworld)
2018-12-20 22:22:36.180  INFO 21380 --- [main] c.p.s.SpringBoot01HelloworldApplication  : No active profile set, falling back to default profiles: default
2018-12-20 22:22:37.781  INFO 21380 --- [main] .s.d.r.c.RepositoryConfigurationDelegate : Multiple Spring Data modules found, entering strict repository configuration mode!
2018-12-20 22:22:37.785  INFO 21380 --- [main] .s.d.r.c.RepositoryConfigurationDelegate : Bootstrapping Spring Data repositories in DEFAULT mode.
2018-12-20 22:22:37.821  INFO 21380 --- [main] .s.d.r.c.RepositoryConfigurationDelegate : Finished Spring Data repository scanning in 17ms. Found 0 repository interfaces.
2018-12-20 22:22:38.348  INFO 21380 --- [main] trationDelegate$BeanPostProcessorChecker : Bean 'org.springframework.transaction.annotation.ProxyTransactionManagementConfiguration' of type [org.springframework.transaction.annotation.ProxyTransactionManagementConfiguration$$EnhancerBySpringCGLIB$$a20fb414] is not eligible for getting processed by all BeanPostProcessors (for example: not eligible for auto-proxying)
2018-12-20 22:22:38.826  INFO 21380 --- [main] o.s.b.w.embedded.tomcat.TomcatWebServer  : Tomcat initialized with port(s): 8082 (http)
2018-12-20 22:22:38.859  INFO 21380 --- [main] o.apache.catalina.core.StandardService   : Starting service [Tomcat]
2018-12-20 22:22:38.859  INFO 21380 --- [main] org.apache.catalina.core.StandardEngine  : Starting Servlet Engine: Apache Tomcat/9.0.13
2018-12-20 22:22:38.869  INFO 21380 --- [main] o.a.catalina.core.AprLifecycleListener   : An older version [1.2.17] of the APR based Apache Tomcat Native library is installed, while Tomcat recommends a minimum version of [1.2.18]
2018-12-20 22:22:38.870  INFO 21380 --- [main] o.a.catalina.core.AprLifecycleListener   : Loaded APR based Apache Tomcat Native library [1.2.17] using APR version [1.6.3].
2018-12-20 22:22:38.870  INFO 21380 --- [main] o.a.catalina.core.AprLifecycleListener   : APR capabilities: IPv6 [true], sendfile [true], accept filters [false], random [true].
2018-12-20 22:22:38.870  INFO 21380 --- [main] o.a.catalina.core.AprLifecycleListener   : APR/OpenSSL configuration: useAprConnector [false], useOpenSSL [true]
2018-12-20 22:22:39.973  INFO 21380 --- [main] o.a.catalina.core.AprLifecycleListener   : OpenSSL successfully initialized [OpenSSL 1.0.2o  27 Mar 2018]
2018-12-20 22:22:40.194  INFO 21380 --- [main] o.a.c.c.C.[Tomcat].[localhost].[/api]    : Initializing Spring embedded WebApplicationContext
2018-12-20 22:22:40.194  INFO 21380 --- [main] o.s.web.context.ContextLoader            : Root WebApplicationContext: initialization completed in 3927 ms
2018-12-20 22:22:41.116  INFO 21380 --- [main] o.s.s.concurrent.ThreadPoolTaskExecutor  : Initializing ExecutorService 'applicationTaskExecutor'
2018-12-20 22:22:41.934  INFO 21380 --- [main] o.s.b.w.embedded.tomcat.TomcatWebServer  : Tomcat started on port(s): 8082 (http) with context path '/api'
2018-12-20 22:22:41.941  INFO 21380 --- [main] c.p.s.SpringBoot01HelloworldApplication  : Started SpringBoot01HelloworldApplication in 6.718 seconds (JVM running for 8.592)
