2019-01-15 09:46:49.874  INFO 22004 --- [Thread-350] o.s.s.concurrent.ThreadPoolTaskExecutor  : Shutting down ExecutorService 'applicationTaskExecutor'
2019-01-15 09:47:02.295  INFO 22004 --- [Thread-350] com.alibaba.druid.pool.DruidDataSource   : {dataSource-9} closed
2019-01-15 09:47:35.433  INFO 22004 --- [restartedMain] c.p.animeStore.AnimeStoreApplication     : Starting AnimeStoreApplication on Mac-mini.local with PID 22004 (/Users/panda/Documents/projects/mini-program/mini-program-server/target/classes started by panda in /Users/panda/Documents/projects/mini-program/mini-program-server)
2019-01-15 09:47:36.268  INFO 22004 --- [restartedMain] c.p.animeStore.AnimeStoreApplication     : No active profile set, falling back to default profiles: default
2019-01-15 09:47:39.028  INFO 22004 --- [restartedMain] .s.d.r.c.RepositoryConfigurationDelegate : Multiple Spring Data modules found, entering strict repository configuration mode!
2019-01-15 09:47:39.029  INFO 22004 --- [restartedMain] .s.d.r.c.RepositoryConfigurationDelegate : Bootstrapping Spring Data repositories in DEFAULT mode.
2019-01-15 09:47:39.307  INFO 22004 --- [restartedMain] .s.d.r.c.RepositoryConfigurationDelegate : Finished Spring Data repository scanning in 278ms. Found 0 repository interfaces.
2019-01-15 09:47:39.685  INFO 22004 --- [restartedMain] trationDelegate$BeanPostProcessorChecker : Bean 'org.springframework.transaction.annotation.ProxyTransactionManagementConfiguration' of type [org.springframework.transaction.annotation.ProxyTransactionManagementConfiguration$$EnhancerBySpringCGLIB$$6f56a519] is not eligible for getting processed by all BeanPostProcessors (for example: not eligible for auto-proxying)
2019-01-15 09:47:40.540  INFO 22004 --- [restartedMain] o.s.b.w.embedded.tomcat.TomcatWebServer  : Tomcat initialized with port(s): 8082 (http)
2019-01-15 09:47:41.071  INFO 22004 --- [restartedMain] o.apache.catalina.core.StandardService   : Starting service [Tomcat]
2019-01-15 09:47:41.092  INFO 22004 --- [restartedMain] org.apache.catalina.core.StandardEngine  : Starting Servlet Engine: Apache Tomcat/9.0.13
2019-01-15 09:47:41.544  INFO 22004 --- [restartedMain] o.a.c.c.C.[.[localhost].[/api]           : Initializing Spring embedded WebApplicationContext
2019-01-15 09:47:41.544  INFO 22004 --- [restartedMain] o.s.web.context.ContextLoader            : Root WebApplicationContext: initialization completed in 5271 ms
2019-01-15 09:47:42.864  INFO 22004 --- [restartedMain] o.s.s.concurrent.ThreadPoolTaskExecutor  : Initializing ExecutorService 'applicationTaskExecutor'
2019-01-15 09:47:43.113  INFO 22004 --- [restartedMain] o.s.b.d.a.OptionalLiveReloadServer       : LiveReload server is running on port 35729
2019-01-15 09:47:43.143  INFO 22004 --- [restartedMain] o.s.b.w.embedded.tomcat.TomcatWebServer  : Tomcat started on port(s): 8082 (http) with context path '/api'
2019-01-15 09:47:43.144  INFO 22004 --- [restartedMain] c.p.animeStore.AnimeStoreApplication     : Started AnimeStoreApplication in 7.949 seconds (JVM running for 60217.918)
2019-01-15 09:47:43.145  INFO 22004 --- [restartedMain] .ConditionEvaluationDeltaLoggingListener : Condition evaluation unchanged
2019-01-15 09:53:13.915  INFO 33161 --- [main] c.p.animeStore.mapper.ProductMapperTest  : Starting ProductMapperTest on Mac-mini.local with PID 33161 (started by panda in /Users/panda/Documents/projects/mini-program/mini-program-server)
2019-01-15 09:53:13.918  INFO 33161 --- [main] c.p.animeStore.mapper.ProductMapperTest  : No active profile set, falling back to default profiles: default
2019-01-15 09:53:15.383  INFO 33161 --- [main] .s.d.r.c.RepositoryConfigurationDelegate : Multiple Spring Data modules found, entering strict repository configuration mode!
2019-01-15 09:53:15.387  INFO 33161 --- [main] .s.d.r.c.RepositoryConfigurationDelegate : Bootstrapping Spring Data repositories in DEFAULT mode.
2019-01-15 09:53:15.426  INFO 33161 --- [main] .s.d.r.c.RepositoryConfigurationDelegate : Finished Spring Data repository scanning in 18ms. Found 0 repository interfaces.
2019-01-15 09:53:16.134  INFO 33161 --- [main] trationDelegate$BeanPostProcessorChecker : Bean 'org.springframework.transaction.annotation.ProxyTransactionManagementConfiguration' of type [org.springframework.transaction.annotation.ProxyTransactionManagementConfiguration$$EnhancerBySpringCGLIB$$b35c8881] is not eligible for getting processed by all BeanPostProcessors (for example: not eligible for auto-proxying)
2019-01-15 09:53:18.739  INFO 33161 --- [main] o.s.s.concurrent.ThreadPoolTaskExecutor  : Initializing ExecutorService 'applicationTaskExecutor'
2019-01-15 09:53:19.956  INFO 33161 --- [main] c.p.animeStore.mapper.ProductMapperTest  : Started ProductMapperTest in 6.924 seconds (JVM running for 9.479)
2019-01-15 09:53:22.022  INFO 33161 --- [main] com.alibaba.druid.pool.DruidDataSource   : {dataSource-1} inited
2019-01-15 09:53:22.235  INFO 33161 --- [Thread-3] o.s.s.concurrent.ThreadPoolTaskExecutor  : Shutting down ExecutorService 'applicationTaskExecutor'
2019-01-15 09:53:22.264  INFO 33161 --- [Thread-3] com.alibaba.druid.pool.DruidDataSource   : {dataSource-1} closed
2019-01-15 10:01:01.184  INFO 33233 --- [main] c.p.animeStore.mapper.ProductMapperTest  : Starting ProductMapperTest on Mac-mini.local with PID 33233 (started by panda in /Users/panda/Documents/projects/mini-program/mini-program-server)
2019-01-15 10:01:01.221  INFO 33233 --- [main] c.p.animeStore.mapper.ProductMapperTest  : No active profile set, falling back to default profiles: default
2019-01-15 10:01:03.465  INFO 33233 --- [main] .s.d.r.c.RepositoryConfigurationDelegate : Multiple Spring Data modules found, entering strict repository configuration mode!
2019-01-15 10:01:03.472  INFO 33233 --- [main] .s.d.r.c.RepositoryConfigurationDelegate : Bootstrapping Spring Data repositories in DEFAULT mode.
2019-01-15 10:01:03.523  INFO 33233 --- [main] .s.d.r.c.RepositoryConfigurationDelegate : Finished Spring Data repository scanning in 15ms. Found 0 repository interfaces.
2019-01-15 10:01:04.166  INFO 33233 --- [main] trationDelegate$BeanPostProcessorChecker : Bean 'org.springframework.transaction.annotation.ProxyTransactionManagementConfiguration' of type [org.springframework.transaction.annotation.ProxyTransactionManagementConfiguration$$EnhancerBySpringCGLIB$$b35c8881] is not eligible for getting processed by all BeanPostProcessors (for example: not eligible for auto-proxying)
2019-01-15 10:01:06.899  INFO 33233 --- [main] o.s.s.concurrent.ThreadPoolTaskExecutor  : Initializing ExecutorService 'applicationTaskExecutor'
2019-01-15 10:01:08.079  INFO 33233 --- [main] c.p.animeStore.mapper.ProductMapperTest  : Started ProductMapperTest in 7.614 seconds (JVM running for 11.688)
2019-01-15 10:01:10.208  INFO 33233 --- [main] com.alibaba.druid.pool.DruidDataSource   : {dataSource-1} inited
2019-01-15 10:01:10.771  INFO 33233 --- [Thread-3] o.s.s.concurrent.ThreadPoolTaskExecutor  : Shutting down ExecutorService 'applicationTaskExecutor'
2019-01-15 10:01:10.794  INFO 33233 --- [Thread-3] com.alibaba.druid.pool.DruidDataSource   : {dataSource-1} closed
2019-01-15 10:01:45.430  INFO 33252 --- [main] c.p.animeStore.mapper.ProductMapperTest  : Starting ProductMapperTest on Mac-mini.local with PID 33252 (started by panda in /Users/panda/Documents/projects/mini-program/mini-program-server)
2019-01-15 10:01:45.446  INFO 33252 --- [main] c.p.animeStore.mapper.ProductMapperTest  : No active profile set, falling back to default profiles: default
2019-01-15 10:01:47.673  INFO 33252 --- [main] .s.d.r.c.RepositoryConfigurationDelegate : Multiple Spring Data modules found, entering strict repository configuration mode!
2019-01-15 10:01:47.678  INFO 33252 --- [main] .s.d.r.c.RepositoryConfigurationDelegate : Bootstrapping Spring Data repositories in DEFAULT mode.
2019-01-15 10:01:47.733  INFO 33252 --- [main] .s.d.r.c.RepositoryConfigurationDelegate : Finished Spring Data repository scanning in 26ms. Found 0 repository interfaces.
2019-01-15 10:01:48.817  INFO 33252 --- [main] trationDelegate$BeanPostProcessorChecker : Bean 'org.springframework.transaction.annotation.ProxyTransactionManagementConfiguration' of type [org.springframework.transaction.annotation.ProxyTransactionManagementConfiguration$$EnhancerBySpringCGLIB$$ee60db47] is not eligible for getting processed by all BeanPostProcessors (for example: not eligible for auto-proxying)
2019-01-15 10:01:51.836  INFO 33252 --- [main] o.s.s.concurrent.ThreadPoolTaskExecutor  : Initializing ExecutorService 'applicationTaskExecutor'
2019-01-15 10:01:53.452  INFO 33252 --- [main] c.p.animeStore.mapper.ProductMapperTest  : Started ProductMapperTest in 8.841 seconds (JVM running for 10.855)
2019-01-15 10:01:54.754  INFO 33252 --- [main] com.alibaba.druid.pool.DruidDataSource   : {dataSource-1} inited
2019-01-15 10:01:55.026  INFO 33252 --- [Thread-3] o.s.s.concurrent.ThreadPoolTaskExecutor  : Shutting down ExecutorService 'applicationTaskExecutor'
2019-01-15 10:01:55.057  INFO 33252 --- [Thread-3] com.alibaba.druid.pool.DruidDataSource   : {dataSource-1} closed
2019-01-15 10:04:49.870  INFO 22004 --- [Thread-356] o.s.s.concurrent.ThreadPoolTaskExecutor  : Shutting down ExecutorService 'applicationTaskExecutor'
2019-01-15 10:04:51.559  INFO 22004 --- [restartedMain] c.p.animeStore.AnimeStoreApplication     : Starting AnimeStoreApplication on Mac-mini.local with PID 22004 (/Users/panda/Documents/projects/mini-program/mini-program-server/target/classes started by panda in /Users/panda/Documents/projects/mini-program/mini-program-server)
2019-01-15 10:04:51.559  INFO 22004 --- [restartedMain] c.p.animeStore.AnimeStoreApplication     : No active profile set, falling back to default profiles: default
2019-01-15 10:04:51.978  INFO 22004 --- [restartedMain] .s.d.r.c.RepositoryConfigurationDelegate : Multiple Spring Data modules found, entering strict repository configuration mode!
2019-01-15 10:04:51.978  INFO 22004 --- [restartedMain] .s.d.r.c.RepositoryConfigurationDelegate : Bootstrapping Spring Data repositories in DEFAULT mode.
2019-01-15 10:04:51.989  INFO 22004 --- [restartedMain] .s.d.r.c.RepositoryConfigurationDelegate : Finished Spring Data repository scanning in 11ms. Found 0 repository interfaces.
2019-01-15 10:04:52.082  INFO 22004 --- [restartedMain] trationDelegate$BeanPostProcessorChecker : Bean 'org.springframework.transaction.annotation.ProxyTransactionManagementConfiguration' of type [org.springframework.transaction.annotation.ProxyTransactionManagementConfiguration$$EnhancerBySpringCGLIB$$6f56a519] is not eligible for getting processed by all BeanPostProcessors (for example: not eligible for auto-proxying)
2019-01-15 10:04:52.350  INFO 22004 --- [restartedMain] o.s.b.w.embedded.tomcat.TomcatWebServer  : Tomcat initialized with port(s): 8082 (http)
2019-01-15 10:04:52.352  INFO 22004 --- [restartedMain] o.apache.catalina.core.StandardService   : Starting service [Tomcat]
2019-01-15 10:04:52.352  INFO 22004 --- [restartedMain] org.apache.catalina.core.StandardEngine  : Starting Servlet Engine: Apache Tomcat/9.0.13
2019-01-15 10:04:52.366  INFO 22004 --- [restartedMain] o.a.c.c.C.[.[localhost].[/api]           : Initializing Spring embedded WebApplicationContext
2019-01-15 10:04:52.366  INFO 22004 --- [restartedMain] o.s.web.context.ContextLoader            : Root WebApplicationContext: initialization completed in 803 ms
2019-01-15 10:04:52.747  INFO 22004 --- [restartedMain] o.s.s.concurrent.ThreadPoolTaskExecutor  : Initializing ExecutorService 'applicationTaskExecutor'
2019-01-15 10:04:52.924  INFO 22004 --- [restartedMain] o.s.b.d.a.OptionalLiveReloadServer       : LiveReload server is running on port 35729
2019-01-15 10:04:52.988  INFO 22004 --- [restartedMain] o.s.b.w.embedded.tomcat.TomcatWebServer  : Tomcat started on port(s): 8082 (http) with context path '/api'
2019-01-15 10:04:52.989  INFO 22004 --- [restartedMain] c.p.animeStore.AnimeStoreApplication     : Started AnimeStoreApplication in 1.679 seconds (JVM running for 61247.788)
2019-01-15 10:04:52.992  INFO 22004 --- [restartedMain] .ConditionEvaluationDeltaLoggingListener : Condition evaluation unchanged
2019-01-15 10:17:26.630  INFO 22004 --- [Thread-362] o.s.s.concurrent.ThreadPoolTaskExecutor  : Shutting down ExecutorService 'applicationTaskExecutor'
2019-01-15 10:17:28.229  INFO 22004 --- [restartedMain] c.p.animeStore.AnimeStoreApplication     : Starting AnimeStoreApplication on Mac-mini.local with PID 22004 (/Users/panda/Documents/projects/mini-program/mini-program-server/target/classes started by panda in /Users/panda/Documents/projects/mini-program/mini-program-server)
2019-01-15 10:17:28.335  INFO 22004 --- [restartedMain] c.p.animeStore.AnimeStoreApplication     : No active profile set, falling back to default profiles: default
2019-01-15 10:17:29.911  INFO 22004 --- [restartedMain] .s.d.r.c.RepositoryConfigurationDelegate : Multiple Spring Data modules found, entering strict repository configuration mode!
2019-01-15 10:17:29.911  INFO 22004 --- [restartedMain] .s.d.r.c.RepositoryConfigurationDelegate : Bootstrapping Spring Data repositories in DEFAULT mode.
2019-01-15 10:17:29.917  INFO 22004 --- [restartedMain] .s.d.r.c.RepositoryConfigurationDelegate : Finished Spring Data repository scanning in 6ms. Found 0 repository interfaces.
2019-01-15 10:17:29.961  INFO 22004 --- [restartedMain] trationDelegate$BeanPostProcessorChecker : Bean 'org.springframework.transaction.annotation.ProxyTransactionManagementConfiguration' of type [org.springframework.transaction.annotation.ProxyTransactionManagementConfiguration$$EnhancerBySpringCGLIB$$6f56a519] is not eligible for getting processed by all BeanPostProcessors (for example: not eligible for auto-proxying)
2019-01-15 10:17:30.513  INFO 22004 --- [restartedMain] o.s.b.w.embedded.tomcat.TomcatWebServer  : Tomcat initialized with port(s): 8082 (http)
2019-01-15 10:17:30.514  INFO 22004 --- [restartedMain] o.apache.catalina.core.StandardService   : Starting service [Tomcat]
2019-01-15 10:17:30.515  INFO 22004 --- [restartedMain] org.apache.catalina.core.StandardEngine  : Starting Servlet Engine: Apache Tomcat/9.0.13
2019-01-15 10:17:30.527  INFO 22004 --- [restartedMain] o.a.c.c.C.[.[localhost].[/api]           : Initializing Spring embedded WebApplicationContext
2019-01-15 10:17:30.527  INFO 22004 --- [restartedMain] o.s.web.context.ContextLoader            : Root WebApplicationContext: initialization completed in 2188 ms
2019-01-15 10:17:30.597  WARN 22004 --- [restartedMain] ConfigServletWebServerApplicationContext : Exception encountered during context initialization - cancelling refresh attempt: org.springframework.beans.factory.UnsatisfiedDependencyException: Error creating bean with name 'userAddressController': Unsatisfied dependency expressed through field 'userAddressService'; nested exception is org.springframework.beans.factory.NoSuchBeanDefinitionException: No qualifying bean of type 'com.panda.animeStore.service.UserAddressService' available: expected at least 1 bean which qualifies as autowire candidate. Dependency annotations: {@org.springframework.beans.factory.annotation.Autowired(required=true)}
2019-01-15 10:17:30.597  INFO 22004 --- [restartedMain] o.apache.catalina.core.StandardService   : Stopping service [Tomcat]
2019-01-15 10:17:30.602  INFO 22004 --- [restartedMain] ConditionEvaluationReportLoggingListener : 

Error starting ApplicationContext. To display the conditions report re-run your application with 'debug' enabled.
2019-01-15 10:17:30.710 ERROR 22004 --- [restartedMain] o.s.b.d.LoggingFailureAnalysisReporter   : 

***************************
APPLICATION FAILED TO START
***************************

Description:

Field userAddressService in com.panda.animeStore.controller.UserAddressController required a bean of type 'com.panda.animeStore.service.UserAddressService' that could not be found.

The injection point has the following annotations:
	- @org.springframework.beans.factory.annotation.Autowired(required=true)


Action:

Consider defining a bean of type 'com.panda.animeStore.service.UserAddressService' in your configuration.

2019-01-15 10:25:00.427  INFO 22004 --- [restartedMain] c.p.animeStore.AnimeStoreApplication     : Starting AnimeStoreApplication on Mac-mini.local with PID 22004 (/Users/panda/Documents/projects/mini-program/mini-program-server/target/classes started by panda in /Users/panda/Documents/projects/mini-program/mini-program-server)
2019-01-15 10:25:00.427  INFO 22004 --- [restartedMain] c.p.animeStore.AnimeStoreApplication     : No active profile set, falling back to default profiles: default
2019-01-15 10:25:01.342  INFO 22004 --- [restartedMain] .s.d.r.c.RepositoryConfigurationDelegate : Multiple Spring Data modules found, entering strict repository configuration mode!
2019-01-15 10:25:01.342  INFO 22004 --- [restartedMain] .s.d.r.c.RepositoryConfigurationDelegate : Bootstrapping Spring Data repositories in DEFAULT mode.
2019-01-15 10:25:01.349  INFO 22004 --- [restartedMain] .s.d.r.c.RepositoryConfigurationDelegate : Finished Spring Data repository scanning in 6ms. Found 0 repository interfaces.
2019-01-15 10:25:01.406  INFO 22004 --- [restartedMain] trationDelegate$BeanPostProcessorChecker : Bean 'org.springframework.transaction.annotation.ProxyTransactionManagementConfiguration' of type [org.springframework.transaction.annotation.ProxyTransactionManagementConfiguration$$EnhancerBySpringCGLIB$$6f56a519] is not eligible for getting processed by all BeanPostProcessors (for example: not eligible for auto-proxying)
2019-01-15 10:25:01.542  INFO 22004 --- [restartedMain] o.s.b.w.embedded.tomcat.TomcatWebServer  : Tomcat initialized with port(s): 8082 (http)
2019-01-15 10:25:01.543  INFO 22004 --- [restartedMain] o.apache.catalina.core.StandardService   : Starting service [Tomcat]
2019-01-15 10:25:01.543  INFO 22004 --- [restartedMain] org.apache.catalina.core.StandardEngine  : Starting Servlet Engine: Apache Tomcat/9.0.13
2019-01-15 10:25:01.589  INFO 22004 --- [restartedMain] o.a.c.c.C.[.[localhost].[/api]           : Initializing Spring embedded WebApplicationContext
2019-01-15 10:25:01.589  INFO 22004 --- [restartedMain] o.s.web.context.ContextLoader            : Root WebApplicationContext: initialization completed in 1160 ms
2019-01-15 10:25:01.616  WARN 22004 --- [restartedMain] ConfigServletWebServerApplicationContext : Exception encountered during context initialization - cancelling refresh attempt: org.springframework.beans.factory.UnsatisfiedDependencyException: Error creating bean with name 'pandaController': Unsatisfied dependency expressed through field 'pandaService'; nested exception is org.springframework.beans.factory.NoSuchBeanDefinitionException: No qualifying bean of type 'com.panda.animeStore.service.PandaService' available: expected at least 1 bean which qualifies as autowire candidate. Dependency annotations: {@org.springframework.beans.factory.annotation.Autowired(required=true)}
2019-01-15 10:25:01.616  INFO 22004 --- [restartedMain] o.apache.catalina.core.StandardService   : Stopping service [Tomcat]
2019-01-15 10:25:01.621  INFO 22004 --- [restartedMain] ConditionEvaluationReportLoggingListener : 

Error starting ApplicationContext. To display the conditions report re-run your application with 'debug' enabled.
2019-01-15 10:25:01.734 ERROR 22004 --- [restartedMain] o.s.b.d.LoggingFailureAnalysisReporter   : 

***************************
APPLICATION FAILED TO START
***************************

Description:

Field pandaService in com.panda.animeStore.controller.PandaController required a bean of type 'com.panda.animeStore.service.PandaService' that could not be found.

The injection point has the following annotations:
	- @org.springframework.beans.factory.annotation.Autowired(required=true)


Action:

Consider defining a bean of type 'com.panda.animeStore.service.PandaService' in your configuration.

2019-01-15 10:30:26.045  INFO 22004 --- [restartedMain] c.p.animeStore.AnimeStoreApplication     : Starting AnimeStoreApplication on Mac-mini.local with PID 22004 (/Users/panda/Documents/projects/mini-program/mini-program-server/target/classes started by panda in /Users/panda/Documents/projects/mini-program/mini-program-server)
2019-01-15 10:30:26.046  INFO 22004 --- [restartedMain] c.p.animeStore.AnimeStoreApplication     : No active profile set, falling back to default profiles: default
2019-01-15 10:30:27.381  INFO 22004 --- [restartedMain] .s.d.r.c.RepositoryConfigurationDelegate : Multiple Spring Data modules found, entering strict repository configuration mode!
2019-01-15 10:30:27.381  INFO 22004 --- [restartedMain] .s.d.r.c.RepositoryConfigurationDelegate : Bootstrapping Spring Data repositories in DEFAULT mode.
2019-01-15 10:30:27.390  INFO 22004 --- [restartedMain] .s.d.r.c.RepositoryConfigurationDelegate : Finished Spring Data repository scanning in 8ms. Found 0 repository interfaces.
2019-01-15 10:30:27.467  INFO 22004 --- [restartedMain] trationDelegate$BeanPostProcessorChecker : Bean 'org.springframework.transaction.annotation.ProxyTransactionManagementConfiguration' of type [org.springframework.transaction.annotation.ProxyTransactionManagementConfiguration$$EnhancerBySpringCGLIB$$6f56a519] is not eligible for getting processed by all BeanPostProcessors (for example: not eligible for auto-proxying)
2019-01-15 10:30:27.524  INFO 22004 --- [restartedMain] o.s.b.w.embedded.tomcat.TomcatWebServer  : Tomcat initialized with port(s): 8082 (http)
2019-01-15 10:30:27.524  INFO 22004 --- [restartedMain] o.apache.catalina.core.StandardService   : Starting service [Tomcat]
2019-01-15 10:30:27.524  INFO 22004 --- [restartedMain] org.apache.catalina.core.StandardEngine  : Starting Servlet Engine: Apache Tomcat/9.0.13
2019-01-15 10:30:27.635  INFO 22004 --- [restartedMain] o.a.c.c.C.[.[localhost].[/api]           : Initializing Spring embedded WebApplicationContext
2019-01-15 10:30:27.635  INFO 22004 --- [restartedMain] o.s.web.context.ContextLoader            : Root WebApplicationContext: initialization completed in 1587 ms
2019-01-15 10:30:27.666  WARN 22004 --- [restartedMain] ConfigServletWebServerApplicationContext : Exception encountered during context initialization - cancelling refresh attempt: org.springframework.beans.factory.UnsatisfiedDependencyException: Error creating bean with name 'pandaController': Unsatisfied dependency expressed through field 'pandaService'; nested exception is org.springframework.beans.factory.NoSuchBeanDefinitionException: No qualifying bean of type 'com.panda.animeStore.service.PandaService' available: expected at least 1 bean which qualifies as autowire candidate. Dependency annotations: {@org.springframework.beans.factory.annotation.Autowired(required=true)}
2019-01-15 10:30:27.666  INFO 22004 --- [restartedMain] o.apache.catalina.core.StandardService   : Stopping service [Tomcat]
2019-01-15 10:30:27.671  INFO 22004 --- [restartedMain] ConditionEvaluationReportLoggingListener : 

Error starting ApplicationContext. To display the conditions report re-run your application with 'debug' enabled.
2019-01-15 10:30:29.136 ERROR 22004 --- [restartedMain] o.s.b.d.LoggingFailureAnalysisReporter   : 

***************************
APPLICATION FAILED TO START
***************************

Description:

Field pandaService in com.panda.animeStore.controller.PandaController required a bean of type 'com.panda.animeStore.service.PandaService' that could not be found.

The injection point has the following annotations:
	- @org.springframework.beans.factory.annotation.Autowired(required=true)


Action:

Consider defining a bean of type 'com.panda.animeStore.service.PandaService' in your configuration.

2019-01-15 10:38:38.425  INFO 22004 --- [restartedMain] c.p.animeStore.AnimeStoreApplication     : Starting AnimeStoreApplication on Mac-mini.local with PID 22004 (/Users/panda/Documents/projects/mini-program/mini-program-server/target/classes started by panda in /Users/panda/Documents/projects/mini-program/mini-program-server)
2019-01-15 10:38:38.425  INFO 22004 --- [restartedMain] c.p.animeStore.AnimeStoreApplication     : No active profile set, falling back to default profiles: default
2019-01-15 10:38:39.340  INFO 22004 --- [restartedMain] .s.d.r.c.RepositoryConfigurationDelegate : Multiple Spring Data modules found, entering strict repository configuration mode!
2019-01-15 10:38:39.340  INFO 22004 --- [restartedMain] .s.d.r.c.RepositoryConfigurationDelegate : Bootstrapping Spring Data repositories in DEFAULT mode.
2019-01-15 10:38:39.346  INFO 22004 --- [restartedMain] .s.d.r.c.RepositoryConfigurationDelegate : Finished Spring Data repository scanning in 6ms. Found 0 repository interfaces.
2019-01-15 10:38:39.452  INFO 22004 --- [restartedMain] trationDelegate$BeanPostProcessorChecker : Bean 'org.springframework.transaction.annotation.ProxyTransactionManagementConfiguration' of type [org.springframework.transaction.annotation.ProxyTransactionManagementConfiguration$$EnhancerBySpringCGLIB$$6f56a519] is not eligible for getting processed by all BeanPostProcessors (for example: not eligible for auto-proxying)
2019-01-15 10:38:39.532  INFO 22004 --- [restartedMain] o.s.b.w.embedded.tomcat.TomcatWebServer  : Tomcat initialized with port(s): 8082 (http)
2019-01-15 10:38:39.533  INFO 22004 --- [restartedMain] o.apache.catalina.core.StandardService   : Starting service [Tomcat]
2019-01-15 10:38:39.534  INFO 22004 --- [restartedMain] org.apache.catalina.core.StandardEngine  : Starting Servlet Engine: Apache Tomcat/9.0.13
2019-01-15 10:38:39.559  INFO 22004 --- [restartedMain] o.a.c.c.C.[.[localhost].[/api]           : Initializing Spring embedded WebApplicationContext
2019-01-15 10:38:39.559  INFO 22004 --- [restartedMain] o.s.web.context.ContextLoader            : Root WebApplicationContext: initialization completed in 1132 ms
2019-01-15 10:38:40.149  INFO 22004 --- [restartedMain] o.s.s.concurrent.ThreadPoolTaskExecutor  : Initializing ExecutorService 'applicationTaskExecutor'
2019-01-15 10:38:40.311  INFO 22004 --- [restartedMain] o.s.b.d.a.OptionalLiveReloadServer       : LiveReload server is running on port 35729
2019-01-15 10:38:40.439  INFO 22004 --- [restartedMain] o.s.b.w.embedded.tomcat.TomcatWebServer  : Tomcat started on port(s): 8082 (http) with context path '/api'
2019-01-15 10:38:40.636  INFO 22004 --- [restartedMain] c.p.animeStore.AnimeStoreApplication     : Started AnimeStoreApplication in 2.398 seconds (JVM running for 63275.484)
2019-01-15 10:38:40.639  INFO 22004 --- [restartedMain] .ConditionEvaluationDeltaLoggingListener : Condition evaluation unchanged
2019-01-15 11:15:12.699  INFO 22004 --- [Thread-368] o.s.s.concurrent.ThreadPoolTaskExecutor  : Shutting down ExecutorService 'applicationTaskExecutor'
2019-01-15 11:15:24.026  INFO 22004 --- [restartedMain] c.p.animeStore.AnimeStoreApplication     : Starting AnimeStoreApplication on Mac-mini.local with PID 22004 (/Users/panda/Documents/projects/mini-program/mini-program-server/target/classes started by panda in /Users/panda/Documents/projects/mini-program/mini-program-server)
2019-01-15 11:15:24.026  INFO 22004 --- [restartedMain] c.p.animeStore.AnimeStoreApplication     : No active profile set, falling back to default profiles: default
2019-01-15 11:15:24.909  INFO 22004 --- [restartedMain] .s.d.r.c.RepositoryConfigurationDelegate : Multiple Spring Data modules found, entering strict repository configuration mode!
2019-01-15 11:15:24.909  INFO 22004 --- [restartedMain] .s.d.r.c.RepositoryConfigurationDelegate : Bootstrapping Spring Data repositories in DEFAULT mode.
2019-01-15 11:15:24.968  INFO 22004 --- [restartedMain] .s.d.r.c.RepositoryConfigurationDelegate : Finished Spring Data repository scanning in 59ms. Found 0 repository interfaces.
2019-01-15 11:15:25.106  INFO 22004 --- [restartedMain] trationDelegate$BeanPostProcessorChecker : Bean 'org.springframework.transaction.annotation.ProxyTransactionManagementConfiguration' of type [org.springframework.transaction.annotation.ProxyTransactionManagementConfiguration$$EnhancerBySpringCGLIB$$6f56a519] is not eligible for getting processed by all BeanPostProcessors (for example: not eligible for auto-proxying)
2019-01-15 11:15:25.171  INFO 22004 --- [restartedMain] o.s.b.w.embedded.tomcat.TomcatWebServer  : Tomcat initialized with port(s): 8082 (http)
2019-01-15 11:15:25.172  INFO 22004 --- [restartedMain] o.apache.catalina.core.StandardService   : Starting service [Tomcat]
2019-01-15 11:15:25.172  INFO 22004 --- [restartedMain] org.apache.catalina.core.StandardEngine  : Starting Servlet Engine: Apache Tomcat/9.0.13
2019-01-15 11:15:25.196  INFO 22004 --- [restartedMain] o.a.c.c.C.[.[localhost].[/api]           : Initializing Spring embedded WebApplicationContext
2019-01-15 11:15:25.196  INFO 22004 --- [restartedMain] o.s.web.context.ContextLoader            : Root WebApplicationContext: initialization completed in 1168 ms
2019-01-15 11:15:25.521  INFO 22004 --- [restartedMain] o.s.s.concurrent.ThreadPoolTaskExecutor  : Initializing ExecutorService 'applicationTaskExecutor'
2019-01-15 11:15:25.950  INFO 22004 --- [restartedMain] o.s.b.d.a.OptionalLiveReloadServer       : LiveReload server is running on port 35729
2019-01-15 11:15:25.976  INFO 22004 --- [restartedMain] o.s.b.w.embedded.tomcat.TomcatWebServer  : Tomcat started on port(s): 8082 (http) with context path '/api'
2019-01-15 11:15:25.976  INFO 22004 --- [restartedMain] c.p.animeStore.AnimeStoreApplication     : Started AnimeStoreApplication in 2.178 seconds (JVM running for 65480.878)
2019-01-15 11:15:25.978  INFO 22004 --- [restartedMain] .ConditionEvaluationDeltaLoggingListener : Condition evaluation unchanged
2019-01-15 11:25:08.569  INFO 22004 --- [Thread-383] o.s.s.concurrent.ThreadPoolTaskExecutor  : Shutting down ExecutorService 'applicationTaskExecutor'
2019-01-15 11:25:09.505  INFO 22004 --- [restartedMain] c.p.animeStore.AnimeStoreApplication     : Starting AnimeStoreApplication on Mac-mini.local with PID 22004 (/Users/panda/Documents/projects/mini-program/mini-program-server/target/classes started by panda in /Users/panda/Documents/projects/mini-program/mini-program-server)
2019-01-15 11:25:09.612  INFO 22004 --- [restartedMain] c.p.animeStore.AnimeStoreApplication     : No active profile set, falling back to default profiles: default
2019-01-15 11:25:11.965  INFO 22004 --- [restartedMain] .s.d.r.c.RepositoryConfigurationDelegate : Multiple Spring Data modules found, entering strict repository configuration mode!
2019-01-15 11:25:11.965  INFO 22004 --- [restartedMain] .s.d.r.c.RepositoryConfigurationDelegate : Bootstrapping Spring Data repositories in DEFAULT mode.
2019-01-15 11:25:11.972  INFO 22004 --- [restartedMain] .s.d.r.c.RepositoryConfigurationDelegate : Finished Spring Data repository scanning in 7ms. Found 0 repository interfaces.
2019-01-15 11:25:12.247  INFO 22004 --- [restartedMain] trationDelegate$BeanPostProcessorChecker : Bean 'org.springframework.transaction.annotation.ProxyTransactionManagementConfiguration' of type [org.springframework.transaction.annotation.ProxyTransactionManagementConfiguration$$EnhancerBySpringCGLIB$$6f56a519] is not eligible for getting processed by all BeanPostProcessors (for example: not eligible for auto-proxying)
2019-01-15 11:25:12.561  INFO 22004 --- [restartedMain] o.s.b.w.embedded.tomcat.TomcatWebServer  : Tomcat initialized with port(s): 8082 (http)
2019-01-15 11:25:12.562  INFO 22004 --- [restartedMain] o.apache.catalina.core.StandardService   : Starting service [Tomcat]
2019-01-15 11:25:12.562  INFO 22004 --- [restartedMain] org.apache.catalina.core.StandardEngine  : Starting Servlet Engine: Apache Tomcat/9.0.13
2019-01-15 11:25:12.570  INFO 22004 --- [restartedMain] o.a.c.c.C.[.[localhost].[/api]           : Initializing Spring embedded WebApplicationContext
2019-01-15 11:25:12.570  INFO 22004 --- [restartedMain] o.s.web.context.ContextLoader            : Root WebApplicationContext: initialization completed in 2954 ms
2019-01-15 11:25:12.916  INFO 22004 --- [restartedMain] o.s.s.concurrent.ThreadPoolTaskExecutor  : Initializing ExecutorService 'applicationTaskExecutor'
2019-01-15 11:25:13.032  INFO 22004 --- [restartedMain] o.s.b.d.a.OptionalLiveReloadServer       : LiveReload server is running on port 35729
2019-01-15 11:25:13.058  INFO 22004 --- [restartedMain] o.s.b.w.embedded.tomcat.TomcatWebServer  : Tomcat started on port(s): 8082 (http) with context path '/api'
2019-01-15 11:25:13.058  INFO 22004 --- [restartedMain] c.p.animeStore.AnimeStoreApplication     : Started AnimeStoreApplication in 3.916 seconds (JVM running for 66067.974)
2019-01-15 11:25:13.060  INFO 22004 --- [restartedMain] .ConditionEvaluationDeltaLoggingListener : Condition evaluation unchanged
2019-01-15 11:26:21.555  INFO 22004 --- [Thread-389] o.s.s.concurrent.ThreadPoolTaskExecutor  : Shutting down ExecutorService 'applicationTaskExecutor'
2019-01-15 11:26:22.176  INFO 22004 --- [restartedMain] c.p.animeStore.AnimeStoreApplication     : Starting AnimeStoreApplication on Mac-mini.local with PID 22004 (/Users/panda/Documents/projects/mini-program/mini-program-server/target/classes started by panda in /Users/panda/Documents/projects/mini-program/mini-program-server)
2019-01-15 11:26:22.310  INFO 22004 --- [restartedMain] c.p.animeStore.AnimeStoreApplication     : No active profile set, falling back to default profiles: default
2019-01-15 11:26:24.133  INFO 22004 --- [restartedMain] .s.d.r.c.RepositoryConfigurationDelegate : Multiple Spring Data modules found, entering strict repository configuration mode!
2019-01-15 11:26:24.133  INFO 22004 --- [restartedMain] .s.d.r.c.RepositoryConfigurationDelegate : Bootstrapping Spring Data repositories in DEFAULT mode.
2019-01-15 11:26:24.140  INFO 22004 --- [restartedMain] .s.d.r.c.RepositoryConfigurationDelegate : Finished Spring Data repository scanning in 7ms. Found 0 repository interfaces.
2019-01-15 11:26:24.183  INFO 22004 --- [restartedMain] trationDelegate$BeanPostProcessorChecker : Bean 'org.springframework.transaction.annotation.ProxyTransactionManagementConfiguration' of type [org.springframework.transaction.annotation.ProxyTransactionManagementConfiguration$$EnhancerBySpringCGLIB$$6f56a519] is not eligible for getting processed by all BeanPostProcessors (for example: not eligible for auto-proxying)
2019-01-15 11:26:24.585  INFO 22004 --- [restartedMain] o.s.b.w.embedded.tomcat.TomcatWebServer  : Tomcat initialized with port(s): 8082 (http)
2019-01-15 11:26:24.586  INFO 22004 --- [restartedMain] o.apache.catalina.core.StandardService   : Starting service [Tomcat]
2019-01-15 11:26:24.586  INFO 22004 --- [restartedMain] org.apache.catalina.core.StandardEngine  : Starting Servlet Engine: Apache Tomcat/9.0.13
2019-01-15 11:26:24.594  INFO 22004 --- [restartedMain] o.a.c.c.C.[.[localhost].[/api]           : Initializing Spring embedded WebApplicationContext
2019-01-15 11:26:24.594  INFO 22004 --- [restartedMain] o.s.web.context.ContextLoader            : Root WebApplicationContext: initialization completed in 2282 ms
2019-01-15 11:26:25.362  INFO 22004 --- [restartedMain] o.s.s.concurrent.ThreadPoolTaskExecutor  : Initializing ExecutorService 'applicationTaskExecutor'
2019-01-15 11:26:25.470  INFO 22004 --- [restartedMain] o.s.b.d.a.OptionalLiveReloadServer       : LiveReload server is running on port 35729
2019-01-15 11:26:25.498  INFO 22004 --- [restartedMain] o.s.b.w.embedded.tomcat.TomcatWebServer  : Tomcat started on port(s): 8082 (http) with context path '/api'
2019-01-15 11:26:25.499  INFO 22004 --- [restartedMain] c.p.animeStore.AnimeStoreApplication     : Started AnimeStoreApplication in 3.384 seconds (JVM running for 66140.416)
2019-01-15 11:26:25.501  INFO 22004 --- [restartedMain] .ConditionEvaluationDeltaLoggingListener : Condition evaluation unchanged
2019-01-15 11:26:45.730  INFO 22004 --- [http-nio-8082-exec-1] o.a.c.c.C.[.[localhost].[/api]           : Initializing Spring DispatcherServlet 'dispatcherServlet'
2019-01-15 11:26:45.731  INFO 22004 --- [http-nio-8082-exec-1] o.s.web.servlet.DispatcherServlet        : Initializing Servlet 'dispatcherServlet'
2019-01-15 11:26:45.736  INFO 22004 --- [http-nio-8082-exec-1] o.s.web.servlet.DispatcherServlet        : Completed initialization in 5 ms
2019-01-15 11:26:45.738  INFO 22004 --- [http-nio-8082-exec-1] c.p.a.Interceptor.LoginInterceptor       : token:d9f78162-203e-4aef-8613-2f9f5302a88f
2019-01-15 11:26:46.011 ERROR 22004 --- [http-nio-8082-exec-1] c.p.a.Interceptor.LoginInterceptor       : 403:用户token错误或失效
2019-01-15 11:27:57.175  INFO 22004 --- [http-nio-8082-exec-3] c.p.a.controller.UserController          : AnimeStore登陆开始
2019-01-15 11:27:57.266  INFO 22004 --- [http-nio-8082-exec-3] c.p.a.controller.UserController          : token不存在或已过期
2019-01-15 11:27:57.266  INFO 22004 --- [http-nio-8082-exec-3] c.p.a.controller.UserController          : 登录code:033WjH2q0SVIVm1jbJ3q0SpJ2q0WjH24
2019-01-15 11:27:57.266  INFO 22004 --- [http-nio-8082-exec-3] c.p.a.controller.UserController          : 微信登陆接口请求开始
2019-01-15 11:27:58.186  INFO 22004 --- [http-nio-8082-exec-3] c.p.a.controller.UserController          : 微信登陆接口请求成功
2019-01-15 11:27:58.187  INFO 22004 --- [http-nio-8082-exec-3] c.p.a.controller.UserController          : 生成新token:10172512-09c0-4132-91e5-a1083440d2e0
2019-01-15 11:27:58.187  INFO 22004 --- [http-nio-8082-exec-3] c.p.a.controller.UserController          : 存入redis,过期时间2小时
2019-01-15 11:28:00.079  INFO 22004 --- [http-nio-8082-exec-3] com.alibaba.druid.pool.DruidDataSource   : {dataSource-10} inited
2019-01-15 11:28:00.272  INFO 22004 --- [http-nio-8082-exec-3] c.p.a.controller.UserController          : 用户已存在
2019-01-15 11:28:00.272  INFO 22004 --- [http-nio-8082-exec-3] c.p.a.controller.UserController          : 返回新token
2019-01-15 11:28:27.106  INFO 22004 --- [http-nio-8082-exec-4] c.p.a.Interceptor.LoginInterceptor       : token:10172512-09c0-4132-91e5-a1083440d2e0
2019-01-15 11:28:27.225  INFO 22004 --- [http-nio-8082-exec-4] c.p.a.Interceptor.LoginInterceptor       : 用户openId:"o_m850nEAP373WGvhZoLTYsqfZd8"发出请求
2019-01-15 11:28:27.407  INFO 22004 --- [http-nio-8082-exec-4] c.p.a.Interceptor.LoginInterceptor       : token:10172512-09c0-4132-91e5-a1083440d2e0
2019-01-15 11:28:27.411  INFO 22004 --- [http-nio-8082-exec-4] c.p.a.Interceptor.LoginInterceptor       : 用户openId:"o_m850nEAP373WGvhZoLTYsqfZd8"发出请求
2019-01-15 11:28:38.434  INFO 22004 --- [http-nio-8082-exec-5] c.p.a.Interceptor.LoginInterceptor       : token:10172512-09c0-4132-91e5-a1083440d2e0
2019-01-15 11:28:38.439  INFO 22004 --- [http-nio-8082-exec-5] c.p.a.Interceptor.LoginInterceptor       : 用户openId:"o_m850nEAP373WGvhZoLTYsqfZd8"发出请求
2019-01-15 11:28:38.441  INFO 22004 --- [http-nio-8082-exec-5] c.p.a.Interceptor.LoginInterceptor       : token:10172512-09c0-4132-91e5-a1083440d2e0
2019-01-15 11:28:38.536  INFO 22004 --- [http-nio-8082-exec-5] c.p.a.Interceptor.LoginInterceptor       : 用户openId:"o_m850nEAP373WGvhZoLTYsqfZd8"发出请求
2019-01-15 11:29:06.432  INFO 22004 --- [Thread-395] o.s.s.concurrent.ThreadPoolTaskExecutor  : Shutting down ExecutorService 'applicationTaskExecutor'
2019-01-15 11:29:07.543  INFO 22004 --- [Thread-395] com.alibaba.druid.pool.DruidDataSource   : {dataSource-10} closed
2019-01-15 11:29:07.863  INFO 22004 --- [restartedMain] c.p.animeStore.AnimeStoreApplication     : Starting AnimeStoreApplication on Mac-mini.local with PID 22004 (/Users/panda/Documents/projects/mini-program/mini-program-server/target/classes started by panda in /Users/panda/Documents/projects/mini-program/mini-program-server)
2019-01-15 11:29:07.863  INFO 22004 --- [restartedMain] c.p.animeStore.AnimeStoreApplication     : No active profile set, falling back to default profiles: default
2019-01-15 11:29:08.985  INFO 22004 --- [restartedMain] .s.d.r.c.RepositoryConfigurationDelegate : Multiple Spring Data modules found, entering strict repository configuration mode!
2019-01-15 11:29:08.985  INFO 22004 --- [restartedMain] .s.d.r.c.RepositoryConfigurationDelegate : Bootstrapping Spring Data repositories in DEFAULT mode.
2019-01-15 11:29:08.991  INFO 22004 --- [restartedMain] .s.d.r.c.RepositoryConfigurationDelegate : Finished Spring Data repository scanning in 6ms. Found 0 repository interfaces.
2019-01-15 11:29:09.039  INFO 22004 --- [restartedMain] trationDelegate$BeanPostProcessorChecker : Bean 'org.springframework.transaction.annotation.ProxyTransactionManagementConfiguration' of type [org.springframework.transaction.annotation.ProxyTransactionManagementConfiguration$$EnhancerBySpringCGLIB$$6f56a519] is not eligible for getting processed by all BeanPostProcessors (for example: not eligible for auto-proxying)
2019-01-15 11:29:09.112  INFO 22004 --- [restartedMain] o.s.b.w.embedded.tomcat.TomcatWebServer  : Tomcat initialized with port(s): 8082 (http)
2019-01-15 11:29:09.260  INFO 22004 --- [restartedMain] o.apache.catalina.core.StandardService   : Starting service [Tomcat]
2019-01-15 11:29:09.260  INFO 22004 --- [restartedMain] org.apache.catalina.core.StandardEngine  : Starting Servlet Engine: Apache Tomcat/9.0.13
2019-01-15 11:29:09.269  INFO 22004 --- [restartedMain] o.a.c.c.C.[.[localhost].[/api]           : Initializing Spring embedded WebApplicationContext
2019-01-15 11:29:09.269  INFO 22004 --- [restartedMain] o.s.web.context.ContextLoader            : Root WebApplicationContext: initialization completed in 1403 ms
2019-01-15 11:29:09.541  INFO 22004 --- [restartedMain] o.s.s.concurrent.ThreadPoolTaskExecutor  : Initializing ExecutorService 'applicationTaskExecutor'
2019-01-15 11:29:09.678  INFO 22004 --- [restartedMain] o.s.b.d.a.OptionalLiveReloadServer       : LiveReload server is running on port 35729
2019-01-15 11:29:09.704  INFO 22004 --- [restartedMain] o.s.b.w.embedded.tomcat.TomcatWebServer  : Tomcat started on port(s): 8082 (http) with context path '/api'
2019-01-15 11:29:09.704  INFO 22004 --- [restartedMain] c.p.animeStore.AnimeStoreApplication     : Started AnimeStoreApplication in 1.913 seconds (JVM running for 66304.626)
2019-01-15 11:29:09.706  INFO 22004 --- [restartedMain] .ConditionEvaluationDeltaLoggingListener : Condition evaluation unchanged
2019-01-15 11:29:14.592  INFO 22004 --- [http-nio-8082-exec-1] o.a.c.c.C.[.[localhost].[/api]           : Initializing Spring DispatcherServlet 'dispatcherServlet'
2019-01-15 11:29:14.594  INFO 22004 --- [http-nio-8082-exec-1] o.s.web.servlet.DispatcherServlet        : Initializing Servlet 'dispatcherServlet'
2019-01-15 11:29:14.599  INFO 22004 --- [http-nio-8082-exec-1] o.s.web.servlet.DispatcherServlet        : Completed initialization in 5 ms
2019-01-15 11:29:14.600  INFO 22004 --- [http-nio-8082-exec-1] c.p.a.Interceptor.LoginInterceptor       : token:10172512-09c0-4132-91e5-a1083440d2e0
2019-01-15 11:29:14.609  INFO 22004 --- [http-nio-8082-exec-1] c.p.a.Interceptor.LoginInterceptor       : 用户openId:"o_m850nEAP373WGvhZoLTYsqfZd8"发出请求
2019-01-15 11:29:14.611  INFO 22004 --- [http-nio-8082-exec-1] c.p.a.Interceptor.LoginInterceptor       : token:10172512-09c0-4132-91e5-a1083440d2e0
2019-01-15 11:29:14.691  INFO 22004 --- [http-nio-8082-exec-1] c.p.a.Interceptor.LoginInterceptor       : 用户openId:"o_m850nEAP373WGvhZoLTYsqfZd8"发出请求
2019-01-15 11:30:13.889  INFO 22004 --- [Thread-401] o.s.s.concurrent.ThreadPoolTaskExecutor  : Shutting down ExecutorService 'applicationTaskExecutor'
2019-01-15 11:30:15.433  INFO 22004 --- [restartedMain] c.p.animeStore.AnimeStoreApplication     : Starting AnimeStoreApplication on Mac-mini.local with PID 22004 (/Users/panda/Documents/projects/mini-program/mini-program-server/target/classes started by panda in /Users/panda/Documents/projects/mini-program/mini-program-server)
2019-01-15 11:30:15.434  INFO 22004 --- [restartedMain] c.p.animeStore.AnimeStoreApplication     : No active profile set, falling back to default profiles: default
2019-01-15 11:30:15.798  INFO 22004 --- [restartedMain] .s.d.r.c.RepositoryConfigurationDelegate : Multiple Spring Data modules found, entering strict repository configuration mode!
2019-01-15 11:30:16.232  INFO 22004 --- [restartedMain] .s.d.r.c.RepositoryConfigurationDelegate : Bootstrapping Spring Data repositories in DEFAULT mode.
2019-01-15 11:30:16.241  INFO 22004 --- [restartedMain] .s.d.r.c.RepositoryConfigurationDelegate : Finished Spring Data repository scanning in 8ms. Found 0 repository interfaces.
2019-01-15 11:30:16.311  INFO 22004 --- [restartedMain] trationDelegate$BeanPostProcessorChecker : Bean 'org.springframework.transaction.annotation.ProxyTransactionManagementConfiguration' of type [org.springframework.transaction.annotation.ProxyTransactionManagementConfiguration$$EnhancerBySpringCGLIB$$6f56a519] is not eligible for getting processed by all BeanPostProcessors (for example: not eligible for auto-proxying)
2019-01-15 11:30:16.363  INFO 22004 --- [restartedMain] o.s.b.w.embedded.tomcat.TomcatWebServer  : Tomcat initialized with port(s): 8082 (http)
2019-01-15 11:30:16.364  INFO 22004 --- [restartedMain] o.apache.catalina.core.StandardService   : Starting service [Tomcat]
2019-01-15 11:30:16.364  INFO 22004 --- [restartedMain] org.apache.catalina.core.StandardEngine  : Starting Servlet Engine: Apache Tomcat/9.0.13
2019-01-15 11:30:16.371  INFO 22004 --- [restartedMain] o.a.c.c.C.[.[localhost].[/api]           : Initializing Spring embedded WebApplicationContext
2019-01-15 11:30:16.371  INFO 22004 --- [restartedMain] o.s.web.context.ContextLoader            : Root WebApplicationContext: initialization completed in 935 ms
2019-01-15 11:30:16.767  INFO 22004 --- [restartedMain] o.s.s.concurrent.ThreadPoolTaskExecutor  : Initializing ExecutorService 'applicationTaskExecutor'
2019-01-15 11:30:17.018  INFO 22004 --- [restartedMain] o.s.b.d.a.OptionalLiveReloadServer       : LiveReload server is running on port 35729
2019-01-15 11:30:17.046  INFO 22004 --- [restartedMain] o.s.b.w.embedded.tomcat.TomcatWebServer  : Tomcat started on port(s): 8082 (http) with context path '/api'
2019-01-15 11:30:17.047  INFO 22004 --- [restartedMain] c.p.animeStore.AnimeStoreApplication     : Started AnimeStoreApplication in 1.78 seconds (JVM running for 66371.97)
2019-01-15 11:30:17.049  INFO 22004 --- [restartedMain] .ConditionEvaluationDeltaLoggingListener : Condition evaluation unchanged
2019-01-15 11:30:20.358  INFO 22004 --- [http-nio-8082-exec-1] o.a.c.c.C.[.[localhost].[/api]           : Initializing Spring DispatcherServlet 'dispatcherServlet'
2019-01-15 11:30:20.359  INFO 22004 --- [http-nio-8082-exec-1] o.s.web.servlet.DispatcherServlet        : Initializing Servlet 'dispatcherServlet'
2019-01-15 11:30:20.363  INFO 22004 --- [http-nio-8082-exec-1] o.s.web.servlet.DispatcherServlet        : Completed initialization in 4 ms
2019-01-15 11:30:20.363  INFO 22004 --- [http-nio-8082-exec-1] c.p.a.Interceptor.LoginInterceptor       : token:10172512-09c0-4132-91e5-a1083440d2e0
2019-01-15 11:30:20.422  INFO 22004 --- [http-nio-8082-exec-1] c.p.a.Interceptor.LoginInterceptor       : 用户openId:"o_m850nEAP373WGvhZoLTYsqfZd8"发出请求
2019-01-15 11:30:20.582  INFO 22004 --- [http-nio-8082-exec-1] c.p.a.controller.UserAddressController   : 添加用户地址,请求开始
2019-01-15 11:30:20.967  INFO 22004 --- [http-nio-8082-exec-1] com.alibaba.druid.pool.DruidDataSource   : {dataSource-11} inited
2019-01-15 11:30:22.456  INFO 22004 --- [http-nio-8082-exec-1] c.p.a.controller.UserAddressController   : 添加成功,请求结束
2019-01-15 11:30:36.344  INFO 22004 --- [http-nio-8082-exec-2] c.p.a.Interceptor.LoginInterceptor       : token:10172512-09c0-4132-91e5-a1083440d2e0
2019-01-15 11:30:36.348  INFO 22004 --- [http-nio-8082-exec-2] c.p.a.Interceptor.LoginInterceptor       : 用户openId:"o_m850nEAP373WGvhZoLTYsqfZd8"发出请求
2019-01-15 11:30:36.348  INFO 22004 --- [http-nio-8082-exec-2] c.p.a.controller.UserAddressController   : 添加用户地址,请求开始
2019-01-15 11:30:36.707  INFO 22004 --- [http-nio-8082-exec-2] c.p.a.controller.UserAddressController   : 添加成功,请求结束
2019-01-15 11:34:02.625  INFO 22004 --- [Thread-407] o.s.s.concurrent.ThreadPoolTaskExecutor  : Shutting down ExecutorService 'applicationTaskExecutor'
2019-01-15 11:34:03.736  INFO 22004 --- [Thread-407] com.alibaba.druid.pool.DruidDataSource   : {dataSource-11} closed
2019-01-15 11:34:04.294  INFO 22004 --- [restartedMain] c.p.animeStore.AnimeStoreApplication     : Starting AnimeStoreApplication on Mac-mini.local with PID 22004 (/Users/panda/Documents/projects/mini-program/mini-program-server/target/classes started by panda in /Users/panda/Documents/projects/mini-program/mini-program-server)
2019-01-15 11:34:04.390  INFO 22004 --- [restartedMain] c.p.animeStore.AnimeStoreApplication     : No active profile set, falling back to default profiles: default
2019-01-15 11:34:04.952  INFO 22004 --- [restartedMain] .s.d.r.c.RepositoryConfigurationDelegate : Multiple Spring Data modules found, entering strict repository configuration mode!
2019-01-15 11:34:04.953  INFO 22004 --- [restartedMain] .s.d.r.c.RepositoryConfigurationDelegate : Bootstrapping Spring Data repositories in DEFAULT mode.
2019-01-15 11:34:04.962  INFO 22004 --- [restartedMain] .s.d.r.c.RepositoryConfigurationDelegate : Finished Spring Data repository scanning in 9ms. Found 0 repository interfaces.
2019-01-15 11:34:05.032  INFO 22004 --- [restartedMain] trationDelegate$BeanPostProcessorChecker : Bean 'org.springframework.transaction.annotation.ProxyTransactionManagementConfiguration' of type [org.springframework.transaction.annotation.ProxyTransactionManagementConfiguration$$EnhancerBySpringCGLIB$$6f56a519] is not eligible for getting processed by all BeanPostProcessors (for example: not eligible for auto-proxying)
2019-01-15 11:34:05.105  INFO 22004 --- [restartedMain] o.s.b.w.embedded.tomcat.TomcatWebServer  : Tomcat initialized with port(s): 8082 (http)
2019-01-15 11:34:05.106  INFO 22004 --- [restartedMain] o.apache.catalina.core.StandardService   : Starting service [Tomcat]
2019-01-15 11:34:05.106  INFO 22004 --- [restartedMain] org.apache.catalina.core.StandardEngine  : Starting Servlet Engine: Apache Tomcat/9.0.13
2019-01-15 11:34:05.115  INFO 22004 --- [restartedMain] o.a.c.c.C.[.[localhost].[/api]           : Initializing Spring embedded WebApplicationContext
2019-01-15 11:34:05.115  INFO 22004 --- [restartedMain] o.s.web.context.ContextLoader            : Root WebApplicationContext: initialization completed in 722 ms
2019-01-15 11:34:06.009  INFO 22004 --- [restartedMain] o.s.s.concurrent.ThreadPoolTaskExecutor  : Initializing ExecutorService 'applicationTaskExecutor'
2019-01-15 11:34:06.292  INFO 22004 --- [restartedMain] o.s.b.d.a.OptionalLiveReloadServer       : LiveReload server is running on port 35729
2019-01-15 11:34:06.332  INFO 22004 --- [restartedMain] o.s.b.w.embedded.tomcat.TomcatWebServer  : Tomcat started on port(s): 8082 (http) with context path '/api'
2019-01-15 11:34:06.333  INFO 22004 --- [restartedMain] c.p.animeStore.AnimeStoreApplication     : Started AnimeStoreApplication in 2.062 seconds (JVM running for 66601.262)
2019-01-15 11:34:06.335  INFO 22004 --- [restartedMain] .ConditionEvaluationDeltaLoggingListener : Condition evaluation unchanged
2019-01-15 13:17:14.865  INFO 22004 --- [http-nio-8082-exec-1] o.a.c.c.C.[.[localhost].[/api]           : Initializing Spring DispatcherServlet 'dispatcherServlet'
2019-01-15 13:17:14.907  INFO 22004 --- [http-nio-8082-exec-1] o.s.web.servlet.DispatcherServlet        : Initializing Servlet 'dispatcherServlet'
2019-01-15 13:17:15.664  INFO 22004 --- [http-nio-8082-exec-1] o.s.web.servlet.DispatcherServlet        : Completed initialization in 757 ms
2019-01-15 13:17:16.045  INFO 22004 --- [http-nio-8082-exec-1] c.p.a.Interceptor.LoginInterceptor       : token:10172512-09c0-4132-91e5-a1083440d2e0
2019-01-15 13:17:16.726  INFO 22004 --- [http-nio-8082-exec-1] c.p.a.Interceptor.LoginInterceptor       : 用户openId:"o_m850nEAP373WGvhZoLTYsqfZd8"发出请求
2019-01-15 13:17:17.185  INFO 22004 --- [http-nio-8082-exec-1] c.p.a.controller.UserAddressController   : 修改用户地址,请求开始
2019-01-15 13:17:17.188  WARN 22004 --- [http-nio-8082-exec-1] c.p.a.exception.GlobalExceptionHandler   : 抛出异常信息:用户地址id不能为空
2019-01-15 13:17:17.282  WARN 22004 --- [http-nio-8082-exec-1] .m.m.a.ExceptionHandlerExceptionResolver : Resolved [java.lang.RuntimeException: 用户地址id不能为空]
2019-01-15 13:19:12.224  INFO 22004 --- [Thread-413] o.s.s.concurrent.ThreadPoolTaskExecutor  : Shutting down ExecutorService 'applicationTaskExecutor'
2019-01-15 13:19:22.969  INFO 22004 --- [restartedMain] c.p.animeStore.AnimeStoreApplication     : Starting AnimeStoreApplication on Mac-mini.local with PID 22004 (/Users/panda/Documents/projects/mini-program/mini-program-server/target/classes started by panda in /Users/panda/Documents/projects/mini-program/mini-program-server)
2019-01-15 13:19:22.969  INFO 22004 --- [restartedMain] c.p.animeStore.AnimeStoreApplication     : No active profile set, falling back to default profiles: default
2019-01-15 13:19:23.888  INFO 22004 --- [restartedMain] .s.d.r.c.RepositoryConfigurationDelegate : Multiple Spring Data modules found, entering strict repository configuration mode!
2019-01-15 13:19:23.888  INFO 22004 --- [restartedMain] .s.d.r.c.RepositoryConfigurationDelegate : Bootstrapping Spring Data repositories in DEFAULT mode.
2019-01-15 13:19:23.894  INFO 22004 --- [restartedMain] .s.d.r.c.RepositoryConfigurationDelegate : Finished Spring Data repository scanning in 6ms. Found 0 repository interfaces.
2019-01-15 13:19:23.962  INFO 22004 --- [restartedMain] trationDelegate$BeanPostProcessorChecker : Bean 'org.springframework.transaction.annotation.ProxyTransactionManagementConfiguration' of type [org.springframework.transaction.annotation.ProxyTransactionManagementConfiguration$$EnhancerBySpringCGLIB$$6f56a519] is not eligible for getting processed by all BeanPostProcessors (for example: not eligible for auto-proxying)
2019-01-15 13:19:24.159  INFO 22004 --- [restartedMain] o.s.b.w.embedded.tomcat.TomcatWebServer  : Tomcat initialized with port(s): 8082 (http)
2019-01-15 13:19:24.160  INFO 22004 --- [restartedMain] o.apache.catalina.core.StandardService   : Starting service [Tomcat]
2019-01-15 13:19:24.160  INFO 22004 --- [restartedMain] org.apache.catalina.core.StandardEngine  : Starting Servlet Engine: Apache Tomcat/9.0.13
2019-01-15 13:19:24.197  INFO 22004 --- [restartedMain] o.a.c.c.C.[.[localhost].[/api]           : Initializing Spring embedded WebApplicationContext
2019-01-15 13:19:24.197  INFO 22004 --- [restartedMain] o.s.web.context.ContextLoader            : Root WebApplicationContext: initialization completed in 1225 ms
2019-01-15 13:19:24.530  INFO 22004 --- [restartedMain] o.s.s.concurrent.ThreadPoolTaskExecutor  : Initializing ExecutorService 'applicationTaskExecutor'
2019-01-15 13:19:24.804  INFO 22004 --- [restartedMain] o.s.b.d.a.OptionalLiveReloadServer       : LiveReload server is running on port 35729
2019-01-15 13:19:24.832  INFO 22004 --- [restartedMain] o.s.b.w.embedded.tomcat.TomcatWebServer  : Tomcat started on port(s): 8082 (http) with context path '/api'
2019-01-15 13:19:24.833  INFO 22004 --- [restartedMain] c.p.animeStore.AnimeStoreApplication     : Started AnimeStoreApplication in 2.11 seconds (JVM running for 72919.908)
2019-01-15 13:19:24.834  INFO 22004 --- [restartedMain] .ConditionEvaluationDeltaLoggingListener : Condition evaluation unchanged
2019-01-15 13:19:29.925  INFO 22004 --- [http-nio-8082-exec-1] o.a.c.c.C.[.[localhost].[/api]           : Initializing Spring DispatcherServlet 'dispatcherServlet'
2019-01-15 13:19:29.926  INFO 22004 --- [http-nio-8082-exec-1] o.s.web.servlet.DispatcherServlet        : Initializing Servlet 'dispatcherServlet'
2019-01-15 13:19:29.930  INFO 22004 --- [http-nio-8082-exec-1] o.s.web.servlet.DispatcherServlet        : Completed initialization in 3 ms
2019-01-15 13:19:29.931  INFO 22004 --- [http-nio-8082-exec-1] c.p.a.Interceptor.LoginInterceptor       : token:10172512-09c0-4132-91e5-a1083440d2e0
2019-01-15 13:19:30.085  INFO 22004 --- [http-nio-8082-exec-1] c.p.a.Interceptor.LoginInterceptor       : 用户openId:"o_m850nEAP373WGvhZoLTYsqfZd8"发出请求
2019-01-15 13:19:30.088  INFO 22004 --- [http-nio-8082-exec-1] c.p.a.controller.UserAddressController   : 修改用户地址,请求开始
2019-01-15 13:19:30.089  WARN 22004 --- [http-nio-8082-exec-1] c.p.a.exception.GlobalExceptionHandler   : 抛出异常信息:用户地址id不能为空
2019-01-15 13:19:30.091  WARN 22004 --- [http-nio-8082-exec-1] .m.m.a.ExceptionHandlerExceptionResolver : Resolved [java.lang.RuntimeException: 用户地址id不能为空]
2019-01-15 13:21:30.553  INFO 22004 --- [Thread-419] o.s.s.concurrent.ThreadPoolTaskExecutor  : Shutting down ExecutorService 'applicationTaskExecutor'
2019-01-15 13:21:32.602  INFO 22004 --- [restartedMain] c.p.animeStore.AnimeStoreApplication     : Starting AnimeStoreApplication on Mac-mini.local with PID 22004 (/Users/panda/Documents/projects/mini-program/mini-program-server/target/classes started by panda in /Users/panda/Documents/projects/mini-program/mini-program-server)
2019-01-15 13:21:32.613  INFO 22004 --- [restartedMain] c.p.animeStore.AnimeStoreApplication     : No active profile set, falling back to default profiles: default
2019-01-15 13:21:33.095  INFO 22004 --- [restartedMain] .s.d.r.c.RepositoryConfigurationDelegate : Multiple Spring Data modules found, entering strict repository configuration mode!
2019-01-15 13:21:33.095  INFO 22004 --- [restartedMain] .s.d.r.c.RepositoryConfigurationDelegate : Bootstrapping Spring Data repositories in DEFAULT mode.
2019-01-15 13:21:33.101  INFO 22004 --- [restartedMain] .s.d.r.c.RepositoryConfigurationDelegate : Finished Spring Data repository scanning in 6ms. Found 0 repository interfaces.
2019-01-15 13:21:33.166  INFO 22004 --- [restartedMain] trationDelegate$BeanPostProcessorChecker : Bean 'org.springframework.transaction.annotation.ProxyTransactionManagementConfiguration' of type [org.springframework.transaction.annotation.ProxyTransactionManagementConfiguration$$EnhancerBySpringCGLIB$$6f56a519] is not eligible for getting processed by all BeanPostProcessors (for example: not eligible for auto-proxying)
2019-01-15 13:21:33.234  INFO 22004 --- [restartedMain] o.s.b.w.embedded.tomcat.TomcatWebServer  : Tomcat initialized with port(s): 8082 (http)
2019-01-15 13:21:33.235  INFO 22004 --- [restartedMain] o.apache.catalina.core.StandardService   : Starting service [Tomcat]
2019-01-15 13:21:33.235  INFO 22004 --- [restartedMain] org.apache.catalina.core.StandardEngine  : Starting Servlet Engine: Apache Tomcat/9.0.13
2019-01-15 13:21:33.242  INFO 22004 --- [restartedMain] o.a.c.c.C.[.[localhost].[/api]           : Initializing Spring embedded WebApplicationContext
2019-01-15 13:21:33.242  INFO 22004 --- [restartedMain] o.s.web.context.ContextLoader            : Root WebApplicationContext: initialization completed in 620 ms
2019-01-15 13:21:33.497  INFO 22004 --- [restartedMain] o.s.s.concurrent.ThreadPoolTaskExecutor  : Initializing ExecutorService 'applicationTaskExecutor'
2019-01-15 13:21:33.628  INFO 22004 --- [restartedMain] o.s.b.d.a.OptionalLiveReloadServer       : LiveReload server is running on port 35729
2019-01-15 13:21:33.655  INFO 22004 --- [restartedMain] o.s.b.w.embedded.tomcat.TomcatWebServer  : Tomcat started on port(s): 8082 (http) with context path '/api'
2019-01-15 13:21:33.655  INFO 22004 --- [restartedMain] c.p.animeStore.AnimeStoreApplication     : Started AnimeStoreApplication in 1.303 seconds (JVM running for 73048.733)
2019-01-15 13:21:33.657  INFO 22004 --- [restartedMain] .ConditionEvaluationDeltaLoggingListener : Condition evaluation unchanged
2019-01-15 13:21:45.802  INFO 22004 --- [http-nio-8082-exec-1] o.a.c.c.C.[.[localhost].[/api]           : Initializing Spring DispatcherServlet 'dispatcherServlet'
2019-01-15 13:21:45.880  INFO 22004 --- [http-nio-8082-exec-1] o.s.web.servlet.DispatcherServlet        : Initializing Servlet 'dispatcherServlet'
2019-01-15 13:21:45.921  INFO 22004 --- [http-nio-8082-exec-1] o.s.web.servlet.DispatcherServlet        : Completed initialization in 41 ms
2019-01-15 13:21:45.922  INFO 22004 --- [http-nio-8082-exec-1] c.p.a.Interceptor.LoginInterceptor       : token:10172512-09c0-4132-91e5-a1083440d2e0
2019-01-15 13:21:45.963  INFO 22004 --- [http-nio-8082-exec-1] c.p.a.Interceptor.LoginInterceptor       : 用户openId:"o_m850nEAP373WGvhZoLTYsqfZd8"发出请求
2019-01-15 13:21:45.965  INFO 22004 --- [http-nio-8082-exec-1] c.p.a.controller.UserAddressController   : 修改用户地址,请求开始
2019-01-15 13:21:45.966  WARN 22004 --- [http-nio-8082-exec-1] c.p.a.exception.GlobalExceptionHandler   : 抛出异常信息:用户地址id不能为空
2019-01-15 13:21:45.968  WARN 22004 --- [http-nio-8082-exec-1] .m.m.a.ExceptionHandlerExceptionResolver : Resolved [java.lang.RuntimeException: 用户地址id不能为空]
2019-01-15 13:22:38.845  INFO 22004 --- [Thread-425] o.s.s.concurrent.ThreadPoolTaskExecutor  : Shutting down ExecutorService 'applicationTaskExecutor'
2019-01-15 13:22:40.310  INFO 22004 --- [restartedMain] c.p.animeStore.AnimeStoreApplication     : Starting AnimeStoreApplication on Mac-mini.local with PID 22004 (/Users/panda/Documents/projects/mini-program/mini-program-server/target/classes started by panda in /Users/panda/Documents/projects/mini-program/mini-program-server)
2019-01-15 13:22:40.310  INFO 22004 --- [restartedMain] c.p.animeStore.AnimeStoreApplication     : No active profile set, falling back to default profiles: default
2019-01-15 13:22:40.704  INFO 22004 --- [restartedMain] .s.d.r.c.RepositoryConfigurationDelegate : Multiple Spring Data modules found, entering strict repository configuration mode!
2019-01-15 13:22:40.704  INFO 22004 --- [restartedMain] .s.d.r.c.RepositoryConfigurationDelegate : Bootstrapping Spring Data repositories in DEFAULT mode.
2019-01-15 13:22:40.710  INFO 22004 --- [restartedMain] .s.d.r.c.RepositoryConfigurationDelegate : Finished Spring Data repository scanning in 6ms. Found 0 repository interfaces.
2019-01-15 13:22:40.780  INFO 22004 --- [restartedMain] trationDelegate$BeanPostProcessorChecker : Bean 'org.springframework.transaction.annotation.ProxyTransactionManagementConfiguration' of type [org.springframework.transaction.annotation.ProxyTransactionManagementConfiguration$$EnhancerBySpringCGLIB$$6f56a519] is not eligible for getting processed by all BeanPostProcessors (for example: not eligible for auto-proxying)
2019-01-15 13:22:40.834  INFO 22004 --- [restartedMain] o.s.b.w.embedded.tomcat.TomcatWebServer  : Tomcat initialized with port(s): 8082 (http)
2019-01-15 13:22:40.835  INFO 22004 --- [restartedMain] o.apache.catalina.core.StandardService   : Starting service [Tomcat]
2019-01-15 13:22:40.835  INFO 22004 --- [restartedMain] org.apache.catalina.core.StandardEngine  : Starting Servlet Engine: Apache Tomcat/9.0.13
2019-01-15 13:22:40.843  INFO 22004 --- [restartedMain] o.a.c.c.C.[.[localhost].[/api]           : Initializing Spring embedded WebApplicationContext
2019-01-15 13:22:40.843  INFO 22004 --- [restartedMain] o.s.web.context.ContextLoader            : Root WebApplicationContext: initialization completed in 531 ms
2019-01-15 13:22:41.095  INFO 22004 --- [restartedMain] o.s.s.concurrent.ThreadPoolTaskExecutor  : Initializing ExecutorService 'applicationTaskExecutor'
2019-01-15 13:22:41.333  INFO 22004 --- [restartedMain] o.s.b.d.a.OptionalLiveReloadServer       : LiveReload server is running on port 35729
2019-01-15 13:22:41.362  INFO 22004 --- [restartedMain] o.s.b.w.embedded.tomcat.TomcatWebServer  : Tomcat started on port(s): 8082 (http) with context path '/api'
2019-01-15 13:22:41.363  INFO 22004 --- [restartedMain] c.p.animeStore.AnimeStoreApplication     : Started AnimeStoreApplication in 1.08 seconds (JVM running for 73116.443)
2019-01-15 13:22:41.365  INFO 22004 --- [restartedMain] .ConditionEvaluationDeltaLoggingListener : Condition evaluation unchanged
2019-01-15 13:22:44.988  INFO 22004 --- [http-nio-8082-exec-1] o.a.c.c.C.[.[localhost].[/api]           : Initializing Spring DispatcherServlet 'dispatcherServlet'
2019-01-15 13:22:44.989  INFO 22004 --- [http-nio-8082-exec-1] o.s.web.servlet.DispatcherServlet        : Initializing Servlet 'dispatcherServlet'
2019-01-15 13:22:44.993  INFO 22004 --- [http-nio-8082-exec-1] o.s.web.servlet.DispatcherServlet        : Completed initialization in 4 ms
2019-01-15 13:22:44.994  INFO 22004 --- [http-nio-8082-exec-1] c.p.a.Interceptor.LoginInterceptor       : token:10172512-09c0-4132-91e5-a1083440d2e0
2019-01-15 13:22:45.095  INFO 22004 --- [http-nio-8082-exec-1] c.p.a.Interceptor.LoginInterceptor       : 用户openId:"o_m850nEAP373WGvhZoLTYsqfZd8"发出请求
2019-01-15 13:22:45.390  INFO 22004 --- [http-nio-8082-exec-1] c.p.a.controller.UserAddressController   : 修改用户地址,请求开始
2019-01-15 13:22:45.391  WARN 22004 --- [http-nio-8082-exec-1] c.p.a.exception.GlobalExceptionHandler   : 抛出异常信息:用户地址id不能为空
2019-01-15 13:22:45.393  WARN 22004 --- [http-nio-8082-exec-1] .m.m.a.ExceptionHandlerExceptionResolver : Resolved [java.lang.RuntimeException: 用户地址id不能为空]
2019-01-15 13:24:06.846  INFO 22004 --- [Thread-431] o.s.s.concurrent.ThreadPoolTaskExecutor  : Shutting down ExecutorService 'applicationTaskExecutor'
2019-01-15 13:24:08.859  INFO 22004 --- [restartedMain] c.p.animeStore.AnimeStoreApplication     : Starting AnimeStoreApplication on Mac-mini.local with PID 22004 (/Users/panda/Documents/projects/mini-program/mini-program-server/target/classes started by panda in /Users/panda/Documents/projects/mini-program/mini-program-server)
2019-01-15 13:24:08.859  INFO 22004 --- [restartedMain] c.p.animeStore.AnimeStoreApplication     : No active profile set, falling back to default profiles: default
2019-01-15 13:24:09.849  INFO 22004 --- [restartedMain] .s.d.r.c.RepositoryConfigurationDelegate : Multiple Spring Data modules found, entering strict repository configuration mode!
2019-01-15 13:24:09.849  INFO 22004 --- [restartedMain] .s.d.r.c.RepositoryConfigurationDelegate : Bootstrapping Spring Data repositories in DEFAULT mode.
2019-01-15 13:24:09.855  INFO 22004 --- [restartedMain] .s.d.r.c.RepositoryConfigurationDelegate : Finished Spring Data repository scanning in 6ms. Found 0 repository interfaces.
2019-01-15 13:24:09.902  INFO 22004 --- [restartedMain] trationDelegate$BeanPostProcessorChecker : Bean 'org.springframework.transaction.annotation.ProxyTransactionManagementConfiguration' of type [org.springframework.transaction.annotation.ProxyTransactionManagementConfiguration$$EnhancerBySpringCGLIB$$6f56a519] is not eligible for getting processed by all BeanPostProcessors (for example: not eligible for auto-proxying)
2019-01-15 13:24:09.982  INFO 22004 --- [restartedMain] o.s.b.w.embedded.tomcat.TomcatWebServer  : Tomcat initialized with port(s): 8082 (http)
2019-01-15 13:24:09.983  INFO 22004 --- [restartedMain] o.apache.catalina.core.StandardService   : Starting service [Tomcat]
2019-01-15 13:24:09.984  INFO 22004 --- [restartedMain] org.apache.catalina.core.StandardEngine  : Starting Servlet Engine: Apache Tomcat/9.0.13
2019-01-15 13:24:09.992  INFO 22004 --- [restartedMain] o.a.c.c.C.[.[localhost].[/api]           : Initializing Spring embedded WebApplicationContext
2019-01-15 13:24:09.992  INFO 22004 --- [restartedMain] o.s.web.context.ContextLoader            : Root WebApplicationContext: initialization completed in 1131 ms
2019-01-15 13:24:10.266  INFO 22004 --- [restartedMain] o.s.s.concurrent.ThreadPoolTaskExecutor  : Initializing ExecutorService 'applicationTaskExecutor'
2019-01-15 13:24:10.571  INFO 22004 --- [restartedMain] o.s.b.d.a.OptionalLiveReloadServer       : LiveReload server is running on port 35729
2019-01-15 13:24:10.612  INFO 22004 --- [restartedMain] o.s.b.w.embedded.tomcat.TomcatWebServer  : Tomcat started on port(s): 8082 (http) with context path '/api'
2019-01-15 13:24:10.614  INFO 22004 --- [restartedMain] c.p.animeStore.AnimeStoreApplication     : Started AnimeStoreApplication in 1.863 seconds (JVM running for 73205.696)
2019-01-15 13:24:10.620  INFO 22004 --- [restartedMain] .ConditionEvaluationDeltaLoggingListener : Condition evaluation unchanged
2019-01-15 13:24:15.629  INFO 22004 --- [http-nio-8082-exec-1] o.a.c.c.C.[.[localhost].[/api]           : Initializing Spring DispatcherServlet 'dispatcherServlet'
2019-01-15 13:24:16.058  INFO 22004 --- [http-nio-8082-exec-1] o.s.web.servlet.DispatcherServlet        : Initializing Servlet 'dispatcherServlet'
2019-01-15 13:24:16.066  INFO 22004 --- [http-nio-8082-exec-1] o.s.web.servlet.DispatcherServlet        : Completed initialization in 8 ms
2019-01-15 13:24:16.122  INFO 22004 --- [http-nio-8082-exec-1] c.p.a.Interceptor.LoginInterceptor       : token:10172512-09c0-4132-91e5-a1083440d2e0
2019-01-15 13:24:16.186  INFO 22004 --- [http-nio-8082-exec-1] c.p.a.Interceptor.LoginInterceptor       : 用户openId:"o_m850nEAP373WGvhZoLTYsqfZd8"发出请求
2019-01-15 13:24:16.190  INFO 22004 --- [http-nio-8082-exec-1] c.p.a.controller.UserAddressController   : 修改用户地址,请求开始
2019-01-15 13:24:16.192  WARN 22004 --- [http-nio-8082-exec-1] c.p.a.exception.GlobalExceptionHandler   : 抛出异常信息:用户地址id不能为空
2019-01-15 13:24:16.195  WARN 22004 --- [http-nio-8082-exec-1] .m.m.a.ExceptionHandlerExceptionResolver : Resolved [java.lang.RuntimeException: 用户地址id不能为空]
2019-01-15 13:44:48.765  INFO 22004 --- [Thread-437] o.s.s.concurrent.ThreadPoolTaskExecutor  : Shutting down ExecutorService 'applicationTaskExecutor'
2019-01-15 13:44:50.533  INFO 22004 --- [restartedMain] c.p.animeStore.AnimeStoreApplication     : Starting AnimeStoreApplication on Mac-mini.local with PID 22004 (/Users/panda/Documents/projects/mini-program/mini-program-server/target/classes started by panda in /Users/panda/Documents/projects/mini-program/mini-program-server)
2019-01-15 13:44:50.533  INFO 22004 --- [restartedMain] c.p.animeStore.AnimeStoreApplication     : No active profile set, falling back to default profiles: default
2019-01-15 13:44:52.304  INFO 22004 --- [restartedMain] .s.d.r.c.RepositoryConfigurationDelegate : Multiple Spring Data modules found, entering strict repository configuration mode!
2019-01-15 13:44:52.304  INFO 22004 --- [restartedMain] .s.d.r.c.RepositoryConfigurationDelegate : Bootstrapping Spring Data repositories in DEFAULT mode.
2019-01-15 13:44:52.310  INFO 22004 --- [restartedMain] .s.d.r.c.RepositoryConfigurationDelegate : Finished Spring Data repository scanning in 6ms. Found 0 repository interfaces.
2019-01-15 13:44:52.355  INFO 22004 --- [restartedMain] trationDelegate$BeanPostProcessorChecker : Bean 'org.springframework.transaction.annotation.ProxyTransactionManagementConfiguration' of type [org.springframework.transaction.annotation.ProxyTransactionManagementConfiguration$$EnhancerBySpringCGLIB$$6f56a519] is not eligible for getting processed by all BeanPostProcessors (for example: not eligible for auto-proxying)
2019-01-15 13:44:52.426  INFO 22004 --- [restartedMain] o.s.b.w.embedded.tomcat.TomcatWebServer  : Tomcat initialized with port(s): 8082 (http)
2019-01-15 13:44:52.427  INFO 22004 --- [restartedMain] o.apache.catalina.core.StandardService   : Starting service [Tomcat]
2019-01-15 13:44:52.427  INFO 22004 --- [restartedMain] org.apache.catalina.core.StandardEngine  : Starting Servlet Engine: Apache Tomcat/9.0.13
2019-01-15 13:44:52.435  INFO 22004 --- [restartedMain] o.a.c.c.C.[.[localhost].[/api]           : Initializing Spring embedded WebApplicationContext
2019-01-15 13:44:52.435  INFO 22004 --- [restartedMain] o.s.web.context.ContextLoader            : Root WebApplicationContext: initialization completed in 1900 ms
2019-01-15 13:44:53.378  INFO 22004 --- [restartedMain] o.s.s.concurrent.ThreadPoolTaskExecutor  : Initializing ExecutorService 'applicationTaskExecutor'
2019-01-15 13:44:53.519  INFO 22004 --- [restartedMain] o.s.b.d.a.OptionalLiveReloadServer       : LiveReload server is running on port 35729
2019-01-15 13:44:53.544  INFO 22004 --- [restartedMain] o.s.b.w.embedded.tomcat.TomcatWebServer  : Tomcat started on port(s): 8082 (http) with context path '/api'
2019-01-15 13:44:53.545  INFO 22004 --- [restartedMain] c.p.animeStore.AnimeStoreApplication     : Started AnimeStoreApplication in 3.293 seconds (JVM running for 74448.662)
2019-01-15 13:44:53.547  INFO 22004 --- [restartedMain] .ConditionEvaluationDeltaLoggingListener : Condition evaluation unchanged
2019-01-15 13:45:02.922  INFO 22004 --- [http-nio-8082-exec-1] o.a.c.c.C.[.[localhost].[/api]           : Initializing Spring DispatcherServlet 'dispatcherServlet'
2019-01-15 13:45:02.923  INFO 22004 --- [http-nio-8082-exec-1] o.s.web.servlet.DispatcherServlet        : Initializing Servlet 'dispatcherServlet'
2019-01-15 13:45:02.929  INFO 22004 --- [http-nio-8082-exec-1] o.s.web.servlet.DispatcherServlet        : Completed initialization in 6 ms
2019-01-15 13:45:02.931  INFO 22004 --- [http-nio-8082-exec-1] c.p.a.Interceptor.LoginInterceptor       : token:10172512-09c0-4132-91e5-a1083440d2e0
2019-01-15 13:45:02.983 ERROR 22004 --- [http-nio-8082-exec-1] c.p.a.Interceptor.LoginInterceptor       : 403:用户token错误或失效
2019-01-15 13:45:32.501  INFO 22004 --- [http-nio-8082-exec-2] c.p.a.controller.UserController          : AnimeStore登陆开始
2019-01-15 13:45:32.663  INFO 22004 --- [http-nio-8082-exec-2] c.p.a.controller.UserController          : token不存在或已过期
2019-01-15 13:45:32.663  INFO 22004 --- [http-nio-8082-exec-2] c.p.a.controller.UserController          : 登录code:023a8gce1cFplz0Dmlbe1vZoce1a8gcX
2019-01-15 13:45:32.664  INFO 22004 --- [http-nio-8082-exec-2] c.p.a.controller.UserController          : 微信登陆接口请求开始
2019-01-15 13:45:32.942  INFO 22004 --- [http-nio-8082-exec-2] c.p.a.controller.UserController          : 微信登陆接口请求成功
2019-01-15 13:45:32.943  INFO 22004 --- [http-nio-8082-exec-2] c.p.a.controller.UserController          : 生成新token:ee2f8bf6-b4cc-495c-86c9-a92b8f65847b
2019-01-15 13:45:32.943  INFO 22004 --- [http-nio-8082-exec-2] c.p.a.controller.UserController          : 存入redis,过期时间2小时
2019-01-15 13:45:34.105  INFO 22004 --- [http-nio-8082-exec-2] com.alibaba.druid.pool.DruidDataSource   : {dataSource-12} inited
2019-01-15 13:45:34.112  INFO 22004 --- [http-nio-8082-exec-2] c.p.a.controller.UserController          : 用户已存在
2019-01-15 13:45:34.112  INFO 22004 --- [http-nio-8082-exec-2] c.p.a.controller.UserController          : 返回新token
2019-01-15 13:46:05.178  INFO 22004 --- [http-nio-8082-exec-4] c.p.a.Interceptor.LoginInterceptor       : token:ee2f8bf6-b4cc-495c-86c9-a92b8f65847b
2019-01-15 13:46:05.243  INFO 22004 --- [http-nio-8082-exec-4] c.p.a.Interceptor.LoginInterceptor       : 用户openId:"o_m850nEAP373WGvhZoLTYsqfZd8"发出请求
2019-01-15 13:46:05.292  INFO 22004 --- [http-nio-8082-exec-4] c.p.a.controller.UserAddressController   : 修改用户地址,请求开始
2019-01-15 13:46:06.369  INFO 22004 --- [http-nio-8082-exec-4] c.p.a.controller.UserAddressController   : 修改成功,请求结束
2019-01-15 13:46:21.382  INFO 22004 --- [http-nio-8082-exec-5] c.p.a.Interceptor.LoginInterceptor       : token:ee2f8bf6-b4cc-495c-86c9-a92b8f65847b
2019-01-15 13:46:21.970  INFO 22004 --- [http-nio-8082-exec-5] c.p.a.Interceptor.LoginInterceptor       : 用户openId:"o_m850nEAP373WGvhZoLTYsqfZd8"发出请求
2019-01-15 13:46:21.971  INFO 22004 --- [http-nio-8082-exec-5] c.p.a.controller.UserAddressController   : 添加用户地址,请求开始
2019-01-15 13:46:23.304  INFO 22004 --- [http-nio-8082-exec-5] c.p.a.controller.UserAddressController   : 添加成功,请求结束
2019-01-15 13:54:13.140  INFO 22004 --- [Thread-443] o.s.s.concurrent.ThreadPoolTaskExecutor  : Shutting down ExecutorService 'applicationTaskExecutor'
2019-01-15 13:54:14.615  INFO 22004 --- [Thread-443] com.alibaba.druid.pool.DruidDataSource   : {dataSource-12} closed
2019-01-15 13:54:17.139  INFO 22004 --- [restartedMain] c.p.animeStore.AnimeStoreApplication     : Starting AnimeStoreApplication on Mac-mini.local with PID 22004 (/Users/panda/Documents/projects/mini-program/mini-program-server/target/classes started by panda in /Users/panda/Documents/projects/mini-program/mini-program-server)
2019-01-15 13:54:17.139  INFO 22004 --- [restartedMain] c.p.animeStore.AnimeStoreApplication     : No active profile set, falling back to default profiles: default
2019-01-15 13:54:19.404  INFO 22004 --- [restartedMain] .s.d.r.c.RepositoryConfigurationDelegate : Multiple Spring Data modules found, entering strict repository configuration mode!
2019-01-15 13:54:19.404  INFO 22004 --- [restartedMain] .s.d.r.c.RepositoryConfigurationDelegate : Bootstrapping Spring Data repositories in DEFAULT mode.
2019-01-15 13:54:19.411  INFO 22004 --- [restartedMain] .s.d.r.c.RepositoryConfigurationDelegate : Finished Spring Data repository scanning in 7ms. Found 0 repository interfaces.
2019-01-15 13:54:19.480  INFO 22004 --- [restartedMain] trationDelegate$BeanPostProcessorChecker : Bean 'org.springframework.transaction.annotation.ProxyTransactionManagementConfiguration' of type [org.springframework.transaction.annotation.ProxyTransactionManagementConfiguration$$EnhancerBySpringCGLIB$$6f56a519] is not eligible for getting processed by all BeanPostProcessors (for example: not eligible for auto-proxying)
2019-01-15 13:54:19.549  INFO 22004 --- [restartedMain] o.s.b.w.embedded.tomcat.TomcatWebServer  : Tomcat initialized with port(s): 8082 (http)
2019-01-15 13:54:19.551  INFO 22004 --- [restartedMain] o.apache.catalina.core.StandardService   : Starting service [Tomcat]
2019-01-15 13:54:19.551  INFO 22004 --- [restartedMain] org.apache.catalina.core.StandardEngine  : Starting Servlet Engine: Apache Tomcat/9.0.13
2019-01-15 13:54:19.568  INFO 22004 --- [restartedMain] o.a.c.c.C.[.[localhost].[/api]           : Initializing Spring embedded WebApplicationContext
2019-01-15 13:54:19.568  INFO 22004 --- [restartedMain] o.s.web.context.ContextLoader            : Root WebApplicationContext: initialization completed in 2426 ms
2019-01-15 13:54:20.123  INFO 22004 --- [restartedMain] o.s.s.concurrent.ThreadPoolTaskExecutor  : Initializing ExecutorService 'applicationTaskExecutor'
2019-01-15 13:54:20.814  INFO 22004 --- [restartedMain] o.s.b.d.a.OptionalLiveReloadServer       : LiveReload server is running on port 35729
2019-01-15 13:54:20.843  INFO 22004 --- [restartedMain] o.s.b.w.embedded.tomcat.TomcatWebServer  : Tomcat started on port(s): 8082 (http) with context path '/api'
2019-01-15 13:54:20.844  INFO 22004 --- [restartedMain] c.p.animeStore.AnimeStoreApplication     : Started AnimeStoreApplication in 3.958 seconds (JVM running for 75015.975)
2019-01-15 13:54:20.846  INFO 22004 --- [restartedMain] .ConditionEvaluationDeltaLoggingListener : Condition evaluation unchanged
2019-01-15 13:54:46.698  INFO 22004 --- [http-nio-8082-exec-1] o.a.c.c.C.[.[localhost].[/api]           : Initializing Spring DispatcherServlet 'dispatcherServlet'
2019-01-15 13:54:46.699  INFO 22004 --- [http-nio-8082-exec-1] o.s.web.servlet.DispatcherServlet        : Initializing Servlet 'dispatcherServlet'
2019-01-15 13:54:46.704  INFO 22004 --- [http-nio-8082-exec-1] o.s.web.servlet.DispatcherServlet        : Completed initialization in 5 ms
2019-01-15 13:54:46.705  WARN 22004 --- [http-nio-8082-exec-1] .w.s.m.s.DefaultHandlerExceptionResolver : Resolved [org.springframework.web.HttpRequestMethodNotSupportedException: Request method 'POST' not supported]
2019-01-15 13:54:46.707  INFO 22004 --- [http-nio-8082-exec-1] c.p.a.Interceptor.LoginInterceptor       : token:ee2f8bf6-b4cc-495c-86c9-a92b8f65847b
2019-01-15 13:54:46.731  INFO 22004 --- [http-nio-8082-exec-1] c.p.a.Interceptor.LoginInterceptor       : 用户openId:"o_m850nEAP373WGvhZoLTYsqfZd8"发出请求
2019-01-15 13:54:57.936  INFO 22004 --- [http-nio-8082-exec-2] c.p.a.Interceptor.LoginInterceptor       : token:ee2f8bf6-b4cc-495c-86c9-a92b8f65847b
2019-01-15 13:54:58.384  INFO 22004 --- [http-nio-8082-exec-2] c.p.a.Interceptor.LoginInterceptor       : 用户openId:"o_m850nEAP373WGvhZoLTYsqfZd8"发出请求
2019-01-15 13:54:58.412  INFO 22004 --- [http-nio-8082-exec-2] c.p.a.controller.UserAddressController   : 删除该用户下所有地址,请求开始
2019-01-15 13:54:59.700  INFO 22004 --- [http-nio-8082-exec-2] com.alibaba.druid.pool.DruidDataSource   : {dataSource-13} inited
2019-01-15 13:55:00.463  INFO 22004 --- [http-nio-8082-exec-2] com.panda.animeStore.util.ResJson        : 删除成功,请求结束
2019-01-15 17:01:03.385  INFO 22004 --- [Thread-449] o.s.s.concurrent.ThreadPoolTaskExecutor  : Shutting down ExecutorService 'applicationTaskExecutor'
2019-01-15 17:01:05.886  INFO 22004 --- [Thread-449] com.alibaba.druid.pool.DruidDataSource   : {dataSource-13} closed
2019-01-15 17:01:13.702  INFO 22004 --- [restartedMain] c.p.animeStore.AnimeStoreApplication     : Starting AnimeStoreApplication on Mac-mini.local with PID 22004 (/Users/panda/Documents/projects/mini-program/mini-program-server/target/classes started by panda in /Users/panda/Documents/projects/mini-program/mini-program-server)
2019-01-15 17:01:13.703  INFO 22004 --- [restartedMain] c.p.animeStore.AnimeStoreApplication     : No active profile set, falling back to default profiles: default
2019-01-15 17:01:15.860  INFO 22004 --- [restartedMain] .s.d.r.c.RepositoryConfigurationDelegate : Multiple Spring Data modules found, entering strict repository configuration mode!
2019-01-15 17:01:15.860  INFO 22004 --- [restartedMain] .s.d.r.c.RepositoryConfigurationDelegate : Bootstrapping Spring Data repositories in DEFAULT mode.
2019-01-15 17:01:15.866  INFO 22004 --- [restartedMain] .s.d.r.c.RepositoryConfigurationDelegate : Finished Spring Data repository scanning in 6ms. Found 0 repository interfaces.
2019-01-15 17:01:15.918  INFO 22004 --- [restartedMain] trationDelegate$BeanPostProcessorChecker : Bean 'org.springframework.transaction.annotation.ProxyTransactionManagementConfiguration' of type [org.springframework.transaction.annotation.ProxyTransactionManagementConfiguration$$EnhancerBySpringCGLIB$$6f56a519] is not eligible for getting processed by all BeanPostProcessors (for example: not eligible for auto-proxying)
2019-01-15 17:01:16.065  INFO 22004 --- [restartedMain] o.s.b.w.embedded.tomcat.TomcatWebServer  : Tomcat initialized with port(s): 8082 (http)
2019-01-15 17:01:16.066  INFO 22004 --- [restartedMain] o.apache.catalina.core.StandardService   : Starting service [Tomcat]
2019-01-15 17:01:16.066  INFO 22004 --- [restartedMain] org.apache.catalina.core.StandardEngine  : Starting Servlet Engine: Apache Tomcat/9.0.13
2019-01-15 17:01:16.318  INFO 22004 --- [restartedMain] o.a.c.c.C.[.[localhost].[/api]           : Initializing Spring embedded WebApplicationContext
2019-01-15 17:01:16.318  INFO 22004 --- [restartedMain] o.s.web.context.ContextLoader            : Root WebApplicationContext: initialization completed in 2613 ms
2019-01-15 17:01:16.660  INFO 22004 --- [restartedMain] o.s.s.concurrent.ThreadPoolTaskExecutor  : Initializing ExecutorService 'applicationTaskExecutor'
2019-01-15 17:01:16.989  INFO 22004 --- [restartedMain] o.s.b.d.a.OptionalLiveReloadServer       : LiveReload server is running on port 35729
2019-01-15 17:01:17.078  INFO 22004 --- [restartedMain] o.s.b.w.embedded.tomcat.TomcatWebServer  : Tomcat started on port(s): 8082 (http) with context path '/api'
2019-01-15 17:01:17.079  INFO 22004 --- [restartedMain] c.p.animeStore.AnimeStoreApplication     : Started AnimeStoreApplication in 3.62 seconds (JVM running for 86232.474)
2019-01-15 17:01:17.081  INFO 22004 --- [restartedMain] .ConditionEvaluationDeltaLoggingListener : Condition evaluation unchanged
2019-01-15 17:36:15.750  INFO 22004 --- [http-nio-8082-exec-1] o.a.c.c.C.[.[localhost].[/api]           : Initializing Spring DispatcherServlet 'dispatcherServlet'
2019-01-15 17:36:15.837  INFO 22004 --- [http-nio-8082-exec-1] o.s.web.servlet.DispatcherServlet        : Initializing Servlet 'dispatcherServlet'
2019-01-15 17:36:15.875  INFO 22004 --- [http-nio-8082-exec-1] o.s.web.servlet.DispatcherServlet        : Completed initialization in 38 ms
2019-01-15 17:36:15.889  INFO 22004 --- [http-nio-8082-exec-1] c.p.a.Interceptor.LoginInterceptor       : token:ee2f8bf6-b4cc-495c-86c9-a92b8f65847b
2019-01-15 17:36:15.996 ERROR 22004 --- [http-nio-8082-exec-1] c.p.a.Interceptor.LoginInterceptor       : 403:用户token错误或失效
2019-01-15 17:36:47.059  INFO 22004 --- [http-nio-8082-exec-2] c.p.a.controller.UserController          : AnimeStore登陆开始
2019-01-15 17:36:47.063  INFO 22004 --- [http-nio-8082-exec-2] c.p.a.controller.UserController          : token不存在或已过期
2019-01-15 17:36:47.063  INFO 22004 --- [http-nio-8082-exec-2] c.p.a.controller.UserController          : 登录code:033ZcJXL095KZ92AKzXL0WcKXL0ZcJX0
2019-01-15 17:36:47.063  INFO 22004 --- [http-nio-8082-exec-2] c.p.a.controller.UserController          : 微信登陆接口请求开始
2019-01-15 17:36:48.957  INFO 22004 --- [http-nio-8082-exec-2] c.p.a.controller.UserController          : 微信登陆接口请求成功
2019-01-15 17:36:48.958  INFO 22004 --- [http-nio-8082-exec-2] c.p.a.controller.UserController          : 生成新token:6e5e3a8e-d638-49de-accd-4aa32bd8cfbd
2019-01-15 17:36:48.958  INFO 22004 --- [http-nio-8082-exec-2] c.p.a.controller.UserController          : 存入redis,过期时间2小时
2019-01-15 17:36:50.209  INFO 22004 --- [http-nio-8082-exec-2] com.alibaba.druid.pool.DruidDataSource   : {dataSource-14} inited
2019-01-15 17:36:50.510  INFO 22004 --- [http-nio-8082-exec-2] c.p.a.controller.UserController          : 用户已存在
2019-01-15 17:36:50.511  INFO 22004 --- [http-nio-8082-exec-2] c.p.a.controller.UserController          : 返回新token
2019-01-15 17:37:03.592  INFO 22004 --- [http-nio-8082-exec-3] c.p.a.Interceptor.LoginInterceptor       : token:6e5e3a8e-d638-49de-accd-4aa32bd8cfbd
2019-01-15 17:37:03.629  INFO 22004 --- [http-nio-8082-exec-3] c.p.a.Interceptor.LoginInterceptor       : 用户openId:"o_m850nEAP373WGvhZoLTYsqfZd8"发出请求
2019-01-15 17:37:03.630  INFO 22004 --- [http-nio-8082-exec-3] c.p.a.controller.ProductController       : 获取所有商品列表,请求开始
2019-01-15 17:37:04.222  INFO 22004 --- [http-nio-8082-exec-3] c.p.a.controller.ProductController       : 返回所有商品列表,请求结束
